16/03/27 00:20:02 INFO pig.ExecTypeProvider: Trying ExecType : LOCAL
16/03/27 00:20:02 INFO pig.ExecTypeProvider: Trying ExecType : MAPREDUCE
16/03/27 00:20:02 INFO pig.ExecTypeProvider: Picked MAPREDUCE as the ExecType
2016-03-27 00:20:02,054 [main] INFO  org.apache.pig.Main - Apache Pig version 0.15.0 (r1682971) compiled Jun 01 2015, 11:44:35
2016-03-27 00:20:02,054 [main] INFO  org.apache.pig.Main - Logging error messages to: /home/tadams2/analytics/pig_1459052402052.log
2016-03-27 00:20:02,767 [main] INFO  org.apache.pig.impl.util.Utils - Default bootup file /home/tadams2/.pigbootup not found
2016-03-27 00:20:02,933 [main] INFO  org.apache.hadoop.conf.Configuration.deprecation - mapred.job.tracker is deprecated. Instead, use mapreduce.jobtracker.address
2016-03-27 00:20:02,937 [main] INFO  org.apache.hadoop.conf.Configuration.deprecation - fs.default.name is deprecated. Instead, use fs.defaultFS
2016-03-27 00:20:02,937 [main] INFO  org.apache.pig.backend.hadoop.executionengine.HExecutionEngine - Connecting to hadoop file system at: hdfs://cmsc491.home:8020/
2016-03-27 00:20:03,949 [main] INFO  org.apache.hadoop.conf.Configuration.deprecation - fs.default.name is deprecated. Instead, use fs.defaultFS
part: {created_at: chararray,id: long,text: chararray,source: chararray,retweet_count: int,favorite_count: int,user_id: long,screen_name: chararray,location: chararray,description: chararray,followers_count: int,statuses_count: int,geo_enabled: boolean,lang: chararray,latitude: float,longitude: float,hashtags: {(chararray)},urls: {(chararray)},mentions: {(chararray)}}
2016-03-27 00:20:04,455 [main] INFO  org.apache.hadoop.conf.Configuration.deprecation - fs.default.name is deprecated. Instead, use fs.defaultFS
2016-03-27 00:20:04,473 [main] INFO  org.apache.hadoop.conf.Configuration.deprecation - mapred.textoutputformat.separator is deprecated. Instead, use mapreduce.output.textoutputformat.separator
2016-03-27 00:20:04,496 [main] INFO  org.apache.pig.tools.pigstats.ScriptState - Pig features used in the script: UNKNOWN
2016-03-27 00:20:04,532 [main] INFO  org.apache.hadoop.conf.Configuration.deprecation - fs.default.name is deprecated. Instead, use fs.defaultFS
2016-03-27 00:20:04,537 [main] INFO  org.apache.pig.data.SchemaTupleBackend - Key [pig.schematuple] was not set... will not generate code.
2016-03-27 00:20:04,576 [main] INFO  org.apache.pig.newplan.logical.optimizer.LogicalPlanOptimizer - {RULES_ENABLED=[AddForEach, ColumnMapKeyPrune, ConstantCalculator, GroupByConstParallelSetter, LimitOptimizer, LoadTypeCastInserter, MergeFilter, MergeForEach, PartitionFilterOptimizer, PredicatePushdownOptimizer, PushDownForEachFlatten, PushUpFilter, SplitFilter, StreamTypeCastInserter]}
2016-03-27 00:20:04,597 [main] INFO  org.apache.pig.newplan.logical.rules.ColumnPruneVisitor - Columns pruned for part: $0, $3, $4, $5, $6, $7, $8, $9, $10, $11, $12, $13, $14, $15, $16, $17, $18
2016-03-27 00:20:04,690 [main] INFO  org.apache.pig.backend.hadoop.executionengine.mapReduceLayer.MRCompiler - File concatenation threshold: 100 optimistic? false
2016-03-27 00:20:04,733 [main] INFO  org.apache.pig.backend.hadoop.executionengine.mapReduceLayer.MultiQueryOptimizer - MR plan size before optimization: 1
2016-03-27 00:20:04,733 [main] INFO  org.apache.pig.backend.hadoop.executionengine.mapReduceLayer.MultiQueryOptimizer - MR plan size after optimization: 1
2016-03-27 00:20:04,753 [main] INFO  org.apache.hadoop.conf.Configuration.deprecation - fs.default.name is deprecated. Instead, use fs.defaultFS
2016-03-27 00:20:04,790 [main] INFO  org.apache.hadoop.yarn.client.RMProxy - Connecting to ResourceManager at cmsc491.home/10.0.2.15:8032
2016-03-27 00:20:04,971 [main] INFO  org.apache.pig.tools.pigstats.mapreduce.MRScriptState - Pig script settings are added to the job
2016-03-27 00:20:04,977 [main] INFO  org.apache.hadoop.conf.Configuration.deprecation - mapred.job.reduce.markreset.buffer.percent is deprecated. Instead, use mapreduce.reduce.markreset.buffer.percent
2016-03-27 00:20:04,977 [main] INFO  org.apache.pig.backend.hadoop.executionengine.mapReduceLayer.JobControlCompiler - mapred.job.reduce.markreset.buffer.percent is not set, set to default 0.3
2016-03-27 00:20:04,977 [main] INFO  org.apache.hadoop.conf.Configuration.deprecation - mapred.output.compress is deprecated. Instead, use mapreduce.output.fileoutputformat.compress
2016-03-27 00:20:04,981 [main] INFO  org.apache.pig.backend.hadoop.executionengine.mapReduceLayer.JobControlCompiler - This job cannot be converted run in-process
2016-03-27 00:20:05,152 [main] INFO  org.apache.pig.backend.hadoop.executionengine.mapReduceLayer.JobControlCompiler - Added jar file:/opt/pig-0.15.0/pig-0.15.0-core-h2.jar to DistributedCache through /tmp/temp137663398/tmp1716539975/pig-0.15.0-core-h2.jar
2016-03-27 00:20:05,167 [main] INFO  org.apache.pig.backend.hadoop.executionengine.mapReduceLayer.JobControlCompiler - Added jar file:/opt/pig-0.15.0/lib/h2/avro-mapred-1.7.5-hadoop2.jar to DistributedCache through /tmp/temp137663398/tmp1617214023/avro-mapred-1.7.5-hadoop2.jar
2016-03-27 00:20:05,182 [main] INFO  org.apache.pig.backend.hadoop.executionengine.mapReduceLayer.JobControlCompiler - Added jar file:/opt/hadoop-2.7.2/share/hadoop/common/lib/avro-1.7.4.jar to DistributedCache through /tmp/temp137663398/tmp822372167/avro-1.7.4.jar
2016-03-27 00:20:05,194 [main] INFO  org.apache.pig.backend.hadoop.executionengine.mapReduceLayer.JobControlCompiler - Added jar file:/opt/pig-0.15.0/lib/automaton-1.11-8.jar to DistributedCache through /tmp/temp137663398/tmp-1052326124/automaton-1.11-8.jar
2016-03-27 00:20:05,212 [main] INFO  org.apache.pig.backend.hadoop.executionengine.mapReduceLayer.JobControlCompiler - Added jar file:/opt/pig-0.15.0/lib/antlr-runtime-3.4.jar to DistributedCache through /tmp/temp137663398/tmp1112286864/antlr-runtime-3.4.jar
2016-03-27 00:20:05,232 [main] INFO  org.apache.pig.backend.hadoop.executionengine.mapReduceLayer.JobControlCompiler - Added jar file:/opt/pig-0.15.0/lib/joda-time-2.5.jar to DistributedCache through /tmp/temp137663398/tmp1718254463/joda-time-2.5.jar
2016-03-27 00:20:05,267 [main] INFO  org.apache.pig.backend.hadoop.executionengine.mapReduceLayer.JobControlCompiler - Setting up single store job
2016-03-27 00:20:05,278 [main] INFO  org.apache.pig.data.SchemaTupleFrontend - Key [pig.schematuple] is false, will not generate code.
2016-03-27 00:20:05,278 [main] INFO  org.apache.pig.data.SchemaTupleFrontend - Starting process to move generated code to distributed cacche
2016-03-27 00:20:05,278 [main] INFO  org.apache.pig.data.SchemaTupleFrontend - Setting key [pig.schematuple.classes] with classes to deserialize []
2016-03-27 00:20:05,315 [main] INFO  org.apache.pig.backend.hadoop.executionengine.mapReduceLayer.MapReduceLauncher - 1 map-reduce job(s) waiting for submission.
2016-03-27 00:20:05,316 [main] INFO  org.apache.hadoop.conf.Configuration.deprecation - mapred.job.tracker.http.address is deprecated. Instead, use mapreduce.jobtracker.http.address
2016-03-27 00:20:05,323 [JobControl] INFO  org.apache.hadoop.yarn.client.RMProxy - Connecting to ResourceManager at cmsc491.home/10.0.2.15:8032
2016-03-27 00:20:05,337 [JobControl] INFO  org.apache.hadoop.conf.Configuration.deprecation - fs.default.name is deprecated. Instead, use fs.defaultFS
2016-03-27 00:20:05,498 [JobControl] WARN  org.apache.hadoop.mapreduce.JobResourceUploader - No job jar file set.  User classes may not be found. See Job or Job#setJar(String).
2016-03-27 00:20:05,552 [JobControl] INFO  org.apache.hadoop.mapreduce.lib.input.FileInputFormat - Total input paths to process : 10
2016-03-27 00:20:05,553 [JobControl] INFO  org.apache.pig.backend.hadoop.executionengine.util.MapRedUtil - Total input paths to process : 10
2016-03-27 00:20:05,557 [JobControl] INFO  org.apache.pig.backend.hadoop.executionengine.util.MapRedUtil - Total input paths (combined) to process : 1
2016-03-27 00:20:05,608 [JobControl] INFO  org.apache.hadoop.mapreduce.JobSubmitter - number of splits:1
2016-03-27 00:20:05,769 [JobControl] INFO  org.apache.hadoop.mapreduce.JobSubmitter - Submitting tokens for job: job_1458628915747_0147
2016-03-27 00:20:05,943 [JobControl] INFO  org.apache.hadoop.mapred.YARNRunner - Job jar is not present. Not adding any jar to the list of resources.
2016-03-27 00:20:06,026 [JobControl] INFO  org.apache.hadoop.yarn.client.api.impl.YarnClientImpl - Submitted application application_1458628915747_0147
2016-03-27 00:20:06,062 [JobControl] INFO  org.apache.hadoop.mapreduce.Job - The url to track the job: http://cmsc491.home:8088/proxy/application_1458628915747_0147/
2016-03-27 00:20:06,062 [main] INFO  org.apache.pig.backend.hadoop.executionengine.mapReduceLayer.MapReduceLauncher - HadoopJobId: job_1458628915747_0147
2016-03-27 00:20:06,063 [main] INFO  org.apache.pig.backend.hadoop.executionengine.mapReduceLayer.MapReduceLauncher - Processing aliases each_word,part
2016-03-27 00:20:06,063 [main] INFO  org.apache.pig.backend.hadoop.executionengine.mapReduceLayer.MapReduceLauncher - detailed locations: M: part[1,7],each_word[27,12] C:  R: 
2016-03-27 00:20:06,073 [main] INFO  org.apache.pig.backend.hadoop.executionengine.mapReduceLayer.MapReduceLauncher - 0% complete
2016-03-27 00:20:06,073 [main] INFO  org.apache.pig.backend.hadoop.executionengine.mapReduceLayer.MapReduceLauncher - Running jobs are [job_1458628915747_0147]
2016-03-27 00:20:20,149 [main] INFO  org.apache.pig.backend.hadoop.executionengine.mapReduceLayer.MapReduceLauncher - 50% complete
2016-03-27 00:20:20,149 [main] INFO  org.apache.pig.backend.hadoop.executionengine.mapReduceLayer.MapReduceLauncher - Running jobs are [job_1458628915747_0147]
2016-03-27 00:20:21,152 [main] INFO  org.apache.hadoop.yarn.client.RMProxy - Connecting to ResourceManager at cmsc491.home/10.0.2.15:8032
2016-03-27 00:20:21,156 [main] INFO  org.apache.hadoop.mapred.ClientServiceDelegate - Application state is completed. FinalApplicationStatus=SUCCEEDED. Redirecting to job history server
2016-03-27 00:20:21,280 [main] INFO  org.apache.hadoop.yarn.client.RMProxy - Connecting to ResourceManager at cmsc491.home/10.0.2.15:8032
2016-03-27 00:20:21,284 [main] INFO  org.apache.hadoop.mapred.ClientServiceDelegate - Application state is completed. FinalApplicationStatus=SUCCEEDED. Redirecting to job history server
2016-03-27 00:20:21,334 [main] INFO  org.apache.hadoop.conf.Configuration.deprecation - mapred.reduce.tasks is deprecated. Instead, use mapreduce.job.reduces
2016-03-27 00:20:21,335 [main] INFO  org.apache.hadoop.yarn.client.RMProxy - Connecting to ResourceManager at cmsc491.home/10.0.2.15:8032
2016-03-27 00:20:21,339 [main] INFO  org.apache.hadoop.mapred.ClientServiceDelegate - Application state is completed. FinalApplicationStatus=SUCCEEDED. Redirecting to job history server
2016-03-27 00:20:21,374 [main] INFO  org.apache.pig.backend.hadoop.executionengine.mapReduceLayer.MapReduceLauncher - 100% complete
2016-03-27 00:20:21,376 [main] INFO  org.apache.pig.tools.pigstats.mapreduce.SimplePigStats - Script Statistics: 

HadoopVersion	PigVersion	UserId	StartedAt	FinishedAt	Features
2.7.2	0.15.0	tadams2	2016-03-27 00:20:04	2016-03-27 00:20:21	UNKNOWN

Success!

Job Stats (time in seconds):
JobId	Maps	Reduces	MaxMapTime	MinMapTime	AvgMapTime	MedianMapTime	MaxReduceTime	MinReduceTime	AvgReduceTime	MedianReducetime	Alias	Feature	Outputs
job_1458628915747_0147	1	0	4	4	4	4	0	0	0	0	each_word,part	MAP_ONLY	hdfs://cmsc491.home:8020/user/tadams2/tweetindex/2016/03/27/00,

Input(s):
Successfully read 1000 records (517900 bytes) from: "/in/tweets/2016/03/27/03"

Output(s):
Successfully stored 13594 records (357101 bytes) in: "hdfs://cmsc491.home:8020/user/tadams2/tweetindex/2016/03/27/00"

Counters:
Total records written : 13594
Total bytes written : 357101
Spillable Memory Manager spill count : 0
Total bags proactively spilled: 0
Total records proactively spilled: 0

Job DAG:
job_1458628915747_0147


2016-03-27 00:20:21,377 [main] INFO  org.apache.hadoop.yarn.client.RMProxy - Connecting to ResourceManager at cmsc491.home/10.0.2.15:8032
2016-03-27 00:20:21,382 [main] INFO  org.apache.hadoop.mapred.ClientServiceDelegate - Application state is completed. FinalApplicationStatus=SUCCEEDED. Redirecting to job history server
2016-03-27 00:20:21,420 [main] INFO  org.apache.hadoop.yarn.client.RMProxy - Connecting to ResourceManager at cmsc491.home/10.0.2.15:8032
2016-03-27 00:20:21,425 [main] INFO  org.apache.hadoop.mapred.ClientServiceDelegate - Application state is completed. FinalApplicationStatus=SUCCEEDED. Redirecting to job history server
2016-03-27 00:20:21,454 [main] INFO  org.apache.hadoop.yarn.client.RMProxy - Connecting to ResourceManager at cmsc491.home/10.0.2.15:8032
2016-03-27 00:20:21,461 [main] INFO  org.apache.hadoop.mapred.ClientServiceDelegate - Application state is completed. FinalApplicationStatus=SUCCEEDED. Redirecting to job history server
2016-03-27 00:20:21,520 [main] INFO  org.apache.pig.backend.hadoop.executionengine.mapReduceLayer.MapReduceLauncher - Success!
2016-03-27 00:20:21,554 [main] INFO  org.apache.pig.Main - Pig script completed in 19 seconds and 597 milliseconds (19597 ms)
