16/03/27 00:42:21 INFO pig.ExecTypeProvider: Trying ExecType : LOCAL
16/03/27 00:42:21 INFO pig.ExecTypeProvider: Trying ExecType : MAPREDUCE
16/03/27 00:42:21 INFO pig.ExecTypeProvider: Picked MAPREDUCE as the ExecType
2016-03-27 00:42:21,972 [main] INFO  org.apache.pig.Main - Apache Pig version 0.15.0 (r1682971) compiled Jun 01 2015, 11:44:35
2016-03-27 00:42:21,972 [main] INFO  org.apache.pig.Main - Logging error messages to: /home/tadams2/analytics/pig_1459053741971.log
2016-03-27 00:42:22,620 [main] INFO  org.apache.pig.impl.util.Utils - Default bootup file /home/tadams2/.pigbootup not found
2016-03-27 00:42:22,778 [main] INFO  org.apache.hadoop.conf.Configuration.deprecation - mapred.job.tracker is deprecated. Instead, use mapreduce.jobtracker.address
2016-03-27 00:42:22,778 [main] INFO  org.apache.hadoop.conf.Configuration.deprecation - fs.default.name is deprecated. Instead, use fs.defaultFS
2016-03-27 00:42:22,778 [main] INFO  org.apache.pig.backend.hadoop.executionengine.HExecutionEngine - Connecting to hadoop file system at: hdfs://cmsc491.home:8020/
2016-03-27 00:42:23,802 [main] INFO  org.apache.hadoop.conf.Configuration.deprecation - fs.default.name is deprecated. Instead, use fs.defaultFS
part: {created_at: chararray,id: long,text: chararray,source: chararray,retweet_count: int,favorite_count: int,user_id: long,screen_name: chararray,location: chararray,description: chararray,followers_count: int,statuses_count: int,geo_enabled: boolean,lang: chararray,latitude: float,longitude: float,hashtags: {(chararray)},urls: {(chararray)},mentions: {(chararray)}}
2016-03-27 00:42:24,322 [main] INFO  org.apache.hadoop.conf.Configuration.deprecation - fs.default.name is deprecated. Instead, use fs.defaultFS
2016-03-27 00:42:24,343 [main] INFO  org.apache.hadoop.conf.Configuration.deprecation - mapred.textoutputformat.separator is deprecated. Instead, use mapreduce.output.textoutputformat.separator
2016-03-27 00:42:24,388 [main] INFO  org.apache.pig.tools.pigstats.ScriptState - Pig features used in the script: GROUP_BY,ORDER_BY,DISTINCT,LIMIT
2016-03-27 00:42:24,429 [main] INFO  org.apache.hadoop.conf.Configuration.deprecation - fs.default.name is deprecated. Instead, use fs.defaultFS
2016-03-27 00:42:24,439 [main] INFO  org.apache.pig.data.SchemaTupleBackend - Key [pig.schematuple] was not set... will not generate code.
2016-03-27 00:42:24,483 [main] INFO  org.apache.pig.newplan.logical.optimizer.LogicalPlanOptimizer - {RULES_ENABLED=[AddForEach, ColumnMapKeyPrune, ConstantCalculator, GroupByConstParallelSetter, LimitOptimizer, LoadTypeCastInserter, MergeFilter, MergeForEach, PartitionFilterOptimizer, PredicatePushdownOptimizer, PushDownForEachFlatten, PushUpFilter, SplitFilter, StreamTypeCastInserter]}
2016-03-27 00:42:24,634 [main] INFO  org.apache.pig.backend.hadoop.executionengine.mapReduceLayer.MRCompiler - File concatenation threshold: 100 optimistic? false
2016-03-27 00:42:24,704 [main] INFO  org.apache.pig.backend.hadoop.executionengine.mapReduceLayer.SecondaryKeyOptimizerMR - Using Secondary Key Optimization for MapReduce node scope-30
2016-03-27 00:42:24,704 [main] INFO  org.apache.pig.backend.hadoop.executionengine.mapReduceLayer.SecondaryKeyOptimizerMR - Using Secondary Key Optimization for MapReduce node scope-41
2016-03-27 00:42:24,712 [main] INFO  org.apache.pig.backend.hadoop.executionengine.mapReduceLayer.MultiQueryOptimizer - MR plan size before optimization: 5
2016-03-27 00:42:24,712 [main] INFO  org.apache.pig.backend.hadoop.executionengine.mapReduceLayer.MultiQueryOptimizer - MR plan size after optimization: 5
2016-03-27 00:42:24,735 [main] INFO  org.apache.hadoop.conf.Configuration.deprecation - fs.default.name is deprecated. Instead, use fs.defaultFS
2016-03-27 00:42:24,794 [main] INFO  org.apache.hadoop.yarn.client.RMProxy - Connecting to ResourceManager at cmsc491.home/10.0.2.15:8032
2016-03-27 00:42:24,959 [main] INFO  org.apache.pig.tools.pigstats.mapreduce.MRScriptState - Pig script settings are added to the job
2016-03-27 00:42:24,965 [main] INFO  org.apache.hadoop.conf.Configuration.deprecation - mapred.job.reduce.markreset.buffer.percent is deprecated. Instead, use mapreduce.reduce.markreset.buffer.percent
2016-03-27 00:42:24,965 [main] INFO  org.apache.pig.backend.hadoop.executionengine.mapReduceLayer.JobControlCompiler - mapred.job.reduce.markreset.buffer.percent is not set, set to default 0.3
2016-03-27 00:42:24,965 [main] INFO  org.apache.hadoop.conf.Configuration.deprecation - mapred.output.compress is deprecated. Instead, use mapreduce.output.fileoutputformat.compress
2016-03-27 00:42:24,967 [main] INFO  org.apache.pig.backend.hadoop.executionengine.mapReduceLayer.JobControlCompiler - Reduce phase detected, estimating # of required reducers.
2016-03-27 00:42:24,967 [main] INFO  org.apache.pig.backend.hadoop.executionengine.mapReduceLayer.JobControlCompiler - Using reducer estimator: org.apache.pig.backend.hadoop.executionengine.mapReduceLayer.InputSizeReducerEstimator
2016-03-27 00:42:24,982 [main] INFO  org.apache.pig.backend.hadoop.executionengine.mapReduceLayer.InputSizeReducerEstimator - BytesPerReducer=1000000000 maxReducers=999 totalInputFileSize=342624
2016-03-27 00:42:24,982 [main] INFO  org.apache.pig.backend.hadoop.executionengine.mapReduceLayer.JobControlCompiler - Setting Parallelism to 1
2016-03-27 00:42:24,982 [main] INFO  org.apache.hadoop.conf.Configuration.deprecation - mapred.reduce.tasks is deprecated. Instead, use mapreduce.job.reduces
2016-03-27 00:42:24,982 [main] INFO  org.apache.pig.backend.hadoop.executionengine.mapReduceLayer.JobControlCompiler - This job cannot be converted run in-process
2016-03-27 00:42:25,514 [main] INFO  org.apache.pig.backend.hadoop.executionengine.mapReduceLayer.JobControlCompiler - Added jar file:/opt/pig-0.15.0/pig-0.15.0-core-h2.jar to DistributedCache through /tmp/temp1341662522/tmp200051159/pig-0.15.0-core-h2.jar
2016-03-27 00:42:25,536 [main] INFO  org.apache.pig.backend.hadoop.executionengine.mapReduceLayer.JobControlCompiler - Added jar file:/opt/pig-0.15.0/lib/h2/avro-mapred-1.7.5-hadoop2.jar to DistributedCache through /tmp/temp1341662522/tmp-1595071855/avro-mapred-1.7.5-hadoop2.jar
2016-03-27 00:42:25,561 [main] INFO  org.apache.pig.backend.hadoop.executionengine.mapReduceLayer.JobControlCompiler - Added jar file:/opt/hadoop-2.7.2/share/hadoop/common/lib/avro-1.7.4.jar to DistributedCache through /tmp/temp1341662522/tmp1331020212/avro-1.7.4.jar
2016-03-27 00:42:25,577 [main] INFO  org.apache.pig.backend.hadoop.executionengine.mapReduceLayer.JobControlCompiler - Added jar file:/opt/pig-0.15.0/lib/automaton-1.11-8.jar to DistributedCache through /tmp/temp1341662522/tmp-453831244/automaton-1.11-8.jar
2016-03-27 00:42:25,604 [main] INFO  org.apache.pig.backend.hadoop.executionengine.mapReduceLayer.JobControlCompiler - Added jar file:/opt/pig-0.15.0/lib/antlr-runtime-3.4.jar to DistributedCache through /tmp/temp1341662522/tmp795337527/antlr-runtime-3.4.jar
2016-03-27 00:42:25,630 [main] INFO  org.apache.pig.backend.hadoop.executionengine.mapReduceLayer.JobControlCompiler - Added jar file:/opt/pig-0.15.0/lib/joda-time-2.5.jar to DistributedCache through /tmp/temp1341662522/tmp617368874/joda-time-2.5.jar
2016-03-27 00:42:25,674 [main] INFO  org.apache.pig.backend.hadoop.executionengine.mapReduceLayer.JobControlCompiler - Setting up single store job
2016-03-27 00:42:25,678 [main] INFO  org.apache.pig.data.SchemaTupleFrontend - Key [pig.schematuple] is false, will not generate code.
2016-03-27 00:42:25,678 [main] INFO  org.apache.pig.data.SchemaTupleFrontend - Starting process to move generated code to distributed cacche
2016-03-27 00:42:25,678 [main] INFO  org.apache.pig.data.SchemaTupleFrontend - Setting key [pig.schematuple.classes] with classes to deserialize []
2016-03-27 00:42:25,734 [main] INFO  org.apache.pig.backend.hadoop.executionengine.mapReduceLayer.MapReduceLauncher - 1 map-reduce job(s) waiting for submission.
2016-03-27 00:42:25,735 [main] INFO  org.apache.hadoop.conf.Configuration.deprecation - mapred.job.tracker.http.address is deprecated. Instead, use mapreduce.jobtracker.http.address
2016-03-27 00:42:25,742 [JobControl] INFO  org.apache.hadoop.yarn.client.RMProxy - Connecting to ResourceManager at cmsc491.home/10.0.2.15:8032
2016-03-27 00:42:25,756 [JobControl] INFO  org.apache.hadoop.conf.Configuration.deprecation - fs.default.name is deprecated. Instead, use fs.defaultFS
2016-03-27 00:42:25,914 [JobControl] WARN  org.apache.hadoop.mapreduce.JobResourceUploader - No job jar file set.  User classes may not be found. See Job or Job#setJar(String).
2016-03-27 00:42:25,982 [JobControl] INFO  org.apache.hadoop.mapreduce.lib.input.FileInputFormat - Total input paths to process : 10
2016-03-27 00:42:25,982 [JobControl] INFO  org.apache.pig.backend.hadoop.executionengine.util.MapRedUtil - Total input paths to process : 10
2016-03-27 00:42:25,986 [JobControl] INFO  org.apache.pig.backend.hadoop.executionengine.util.MapRedUtil - Total input paths (combined) to process : 1
2016-03-27 00:42:26,035 [JobControl] INFO  org.apache.hadoop.mapreduce.JobSubmitter - number of splits:1
2016-03-27 00:42:26,223 [JobControl] INFO  org.apache.hadoop.mapreduce.JobSubmitter - Submitting tokens for job: job_1458628915747_0148
2016-03-27 00:42:26,347 [JobControl] INFO  org.apache.hadoop.mapred.YARNRunner - Job jar is not present. Not adding any jar to the list of resources.
2016-03-27 00:42:26,432 [JobControl] INFO  org.apache.hadoop.yarn.client.api.impl.YarnClientImpl - Submitted application application_1458628915747_0148
2016-03-27 00:42:26,462 [JobControl] INFO  org.apache.hadoop.mapreduce.Job - The url to track the job: http://cmsc491.home:8088/proxy/application_1458628915747_0148/
2016-03-27 00:42:26,463 [main] INFO  org.apache.pig.backend.hadoop.executionengine.mapReduceLayer.MapReduceLauncher - HadoopJobId: job_1458628915747_0148
2016-03-27 00:42:26,463 [main] INFO  org.apache.pig.backend.hadoop.executionengine.mapReduceLayer.MapReduceLauncher - Processing aliases part,top_record,user_groups,user_groups_cnt
2016-03-27 00:42:26,463 [main] INFO  org.apache.pig.backend.hadoop.executionengine.mapReduceLayer.MapReduceLauncher - detailed locations: M: part[1,7],user_groups[27,14] C:  R: user_groups_cnt[31,18],top_record[33,15],top_record[33,15],top_record[33,15]
2016-03-27 00:42:26,470 [main] INFO  org.apache.pig.backend.hadoop.executionengine.mapReduceLayer.MapReduceLauncher - 0% complete
2016-03-27 00:42:26,471 [main] INFO  org.apache.pig.backend.hadoop.executionengine.mapReduceLayer.MapReduceLauncher - Running jobs are [job_1458628915747_0148]
2016-03-27 00:42:40,577 [main] INFO  org.apache.pig.backend.hadoop.executionengine.mapReduceLayer.MapReduceLauncher - 10% complete
2016-03-27 00:42:40,578 [main] INFO  org.apache.pig.backend.hadoop.executionengine.mapReduceLayer.MapReduceLauncher - Running jobs are [job_1458628915747_0148]
2016-03-27 00:42:46,590 [main] INFO  org.apache.pig.backend.hadoop.executionengine.mapReduceLayer.MapReduceLauncher - 20% complete
2016-03-27 00:42:46,590 [main] INFO  org.apache.pig.backend.hadoop.executionengine.mapReduceLayer.MapReduceLauncher - Running jobs are [job_1458628915747_0148]
2016-03-27 00:42:51,605 [main] INFO  org.apache.hadoop.yarn.client.RMProxy - Connecting to ResourceManager at cmsc491.home/10.0.2.15:8032
2016-03-27 00:42:51,612 [main] INFO  org.apache.hadoop.mapred.ClientServiceDelegate - Application state is completed. FinalApplicationStatus=SUCCEEDED. Redirecting to job history server
2016-03-27 00:42:51,740 [main] INFO  org.apache.hadoop.yarn.client.RMProxy - Connecting to ResourceManager at cmsc491.home/10.0.2.15:8032
2016-03-27 00:42:51,745 [main] INFO  org.apache.hadoop.mapred.ClientServiceDelegate - Application state is completed. FinalApplicationStatus=SUCCEEDED. Redirecting to job history server
2016-03-27 00:42:51,781 [main] INFO  org.apache.hadoop.yarn.client.RMProxy - Connecting to ResourceManager at cmsc491.home/10.0.2.15:8032
2016-03-27 00:42:51,785 [main] INFO  org.apache.hadoop.mapred.ClientServiceDelegate - Application state is completed. FinalApplicationStatus=SUCCEEDED. Redirecting to job history server
2016-03-27 00:42:51,835 [main] INFO  org.apache.pig.tools.pigstats.mapreduce.MRScriptState - Pig script settings are added to the job
2016-03-27 00:42:51,836 [main] INFO  org.apache.pig.backend.hadoop.executionengine.mapReduceLayer.JobControlCompiler - mapred.job.reduce.markreset.buffer.percent is not set, set to default 0.3
2016-03-27 00:42:51,836 [main] INFO  org.apache.pig.backend.hadoop.executionengine.mapReduceLayer.JobControlCompiler - Reduce phase detected, estimating # of required reducers.
2016-03-27 00:42:51,836 [main] INFO  org.apache.pig.backend.hadoop.executionengine.mapReduceLayer.JobControlCompiler - Using reducer estimator: org.apache.pig.backend.hadoop.executionengine.mapReduceLayer.InputSizeReducerEstimator
2016-03-27 00:42:51,845 [main] INFO  org.apache.pig.backend.hadoop.executionengine.mapReduceLayer.InputSizeReducerEstimator - BytesPerReducer=1000000000 maxReducers=999 totalInputFileSize=26425
2016-03-27 00:42:51,845 [main] INFO  org.apache.pig.backend.hadoop.executionengine.mapReduceLayer.JobControlCompiler - Setting Parallelism to 1
2016-03-27 00:42:51,845 [main] INFO  org.apache.pig.backend.hadoop.executionengine.mapReduceLayer.JobControlCompiler - This job cannot be converted run in-process
2016-03-27 00:42:51,963 [main] INFO  org.apache.pig.backend.hadoop.executionengine.mapReduceLayer.JobControlCompiler - Added jar file:/opt/pig-0.15.0/pig-0.15.0-core-h2.jar to DistributedCache through /tmp/temp1341662522/tmp-1715694097/pig-0.15.0-core-h2.jar
2016-03-27 00:42:51,979 [main] INFO  org.apache.pig.backend.hadoop.executionengine.mapReduceLayer.JobControlCompiler - Added jar file:/opt/pig-0.15.0/lib/automaton-1.11-8.jar to DistributedCache through /tmp/temp1341662522/tmp-654375691/automaton-1.11-8.jar
2016-03-27 00:42:51,999 [main] INFO  org.apache.pig.backend.hadoop.executionengine.mapReduceLayer.JobControlCompiler - Added jar file:/opt/pig-0.15.0/lib/antlr-runtime-3.4.jar to DistributedCache through /tmp/temp1341662522/tmp983626682/antlr-runtime-3.4.jar
2016-03-27 00:42:52,043 [main] INFO  org.apache.pig.backend.hadoop.executionengine.mapReduceLayer.JobControlCompiler - Added jar file:/opt/pig-0.15.0/lib/joda-time-2.5.jar to DistributedCache through /tmp/temp1341662522/tmp1241238888/joda-time-2.5.jar
2016-03-27 00:42:52,053 [main] INFO  org.apache.pig.backend.hadoop.executionengine.mapReduceLayer.JobControlCompiler - Setting up single store job
2016-03-27 00:42:52,054 [main] INFO  org.apache.pig.data.SchemaTupleFrontend - Key [pig.schematuple] is false, will not generate code.
2016-03-27 00:42:52,054 [main] INFO  org.apache.pig.data.SchemaTupleFrontend - Starting process to move generated code to distributed cacche
2016-03-27 00:42:52,054 [main] INFO  org.apache.pig.data.SchemaTupleFrontend - Setting key [pig.schematuple.classes] with classes to deserialize []
2016-03-27 00:42:52,055 [main] INFO  org.apache.pig.backend.hadoop.executionengine.mapReduceLayer.JobControlCompiler - Setting identity combiner class.
2016-03-27 00:42:52,092 [main] INFO  org.apache.pig.backend.hadoop.executionengine.mapReduceLayer.MapReduceLauncher - 1 map-reduce job(s) waiting for submission.
2016-03-27 00:42:52,094 [JobControl] INFO  org.apache.hadoop.yarn.client.RMProxy - Connecting to ResourceManager at cmsc491.home/10.0.2.15:8032
2016-03-27 00:42:52,101 [JobControl] INFO  org.apache.hadoop.conf.Configuration.deprecation - fs.default.name is deprecated. Instead, use fs.defaultFS
2016-03-27 00:42:52,111 [JobControl] WARN  org.apache.hadoop.mapreduce.JobResourceUploader - No job jar file set.  User classes may not be found. See Job or Job#setJar(String).
2016-03-27 00:42:52,139 [JobControl] INFO  org.apache.hadoop.mapreduce.lib.input.FileInputFormat - Total input paths to process : 1
2016-03-27 00:42:52,139 [JobControl] INFO  org.apache.pig.backend.hadoop.executionengine.util.MapRedUtil - Total input paths to process : 1
2016-03-27 00:42:52,139 [JobControl] INFO  org.apache.pig.backend.hadoop.executionengine.util.MapRedUtil - Total input paths (combined) to process : 1
2016-03-27 00:42:52,180 [JobControl] INFO  org.apache.hadoop.mapreduce.JobSubmitter - number of splits:1
2016-03-27 00:42:52,226 [JobControl] INFO  org.apache.hadoop.mapreduce.JobSubmitter - Submitting tokens for job: job_1458628915747_0149
2016-03-27 00:42:52,232 [JobControl] INFO  org.apache.hadoop.mapred.YARNRunner - Job jar is not present. Not adding any jar to the list of resources.
2016-03-27 00:42:52,270 [JobControl] INFO  org.apache.hadoop.yarn.client.api.impl.YarnClientImpl - Submitted application application_1458628915747_0149
2016-03-27 00:42:52,272 [JobControl] INFO  org.apache.hadoop.mapreduce.Job - The url to track the job: http://cmsc491.home:8088/proxy/application_1458628915747_0149/
2016-03-27 00:42:52,594 [main] INFO  org.apache.pig.backend.hadoop.executionengine.mapReduceLayer.MapReduceLauncher - HadoopJobId: job_1458628915747_0149
2016-03-27 00:42:52,594 [main] INFO  org.apache.pig.backend.hadoop.executionengine.mapReduceLayer.MapReduceLauncher - Processing aliases 
2016-03-27 00:42:52,594 [main] INFO  org.apache.pig.backend.hadoop.executionengine.mapReduceLayer.MapReduceLauncher - detailed locations: M:  C:  R: 
2016-03-27 00:43:04,660 [main] INFO  org.apache.pig.backend.hadoop.executionengine.mapReduceLayer.MapReduceLauncher - 30% complete
2016-03-27 00:43:04,661 [main] INFO  org.apache.pig.backend.hadoop.executionengine.mapReduceLayer.MapReduceLauncher - Running jobs are [job_1458628915747_0149]
2016-03-27 00:43:11,675 [main] INFO  org.apache.pig.backend.hadoop.executionengine.mapReduceLayer.MapReduceLauncher - 40% complete
2016-03-27 00:43:11,675 [main] INFO  org.apache.pig.backend.hadoop.executionengine.mapReduceLayer.MapReduceLauncher - Running jobs are [job_1458628915747_0149]
2016-03-27 00:43:12,679 [main] INFO  org.apache.hadoop.yarn.client.RMProxy - Connecting to ResourceManager at cmsc491.home/10.0.2.15:8032
2016-03-27 00:43:12,688 [main] INFO  org.apache.hadoop.mapred.ClientServiceDelegate - Application state is completed. FinalApplicationStatus=SUCCEEDED. Redirecting to job history server
2016-03-27 00:43:12,745 [main] INFO  org.apache.hadoop.yarn.client.RMProxy - Connecting to ResourceManager at cmsc491.home/10.0.2.15:8032
2016-03-27 00:43:12,749 [main] INFO  org.apache.hadoop.mapred.ClientServiceDelegate - Application state is completed. FinalApplicationStatus=SUCCEEDED. Redirecting to job history server
2016-03-27 00:43:12,790 [main] INFO  org.apache.hadoop.yarn.client.RMProxy - Connecting to ResourceManager at cmsc491.home/10.0.2.15:8032
2016-03-27 00:43:12,806 [main] INFO  org.apache.hadoop.mapred.ClientServiceDelegate - Application state is completed. FinalApplicationStatus=SUCCEEDED. Redirecting to job history server
2016-03-27 00:43:12,851 [main] INFO  org.apache.pig.tools.pigstats.mapreduce.MRScriptState - Pig script settings are added to the job
2016-03-27 00:43:12,851 [main] INFO  org.apache.pig.backend.hadoop.executionengine.mapReduceLayer.JobControlCompiler - mapred.job.reduce.markreset.buffer.percent is not set, set to default 0.3
2016-03-27 00:43:12,852 [main] INFO  org.apache.pig.backend.hadoop.executionengine.mapReduceLayer.JobControlCompiler - Reduce phase detected, estimating # of required reducers.
2016-03-27 00:43:12,852 [main] INFO  org.apache.pig.backend.hadoop.executionengine.mapReduceLayer.JobControlCompiler - Using reducer estimator: org.apache.pig.backend.hadoop.executionengine.mapReduceLayer.InputSizeReducerEstimator
2016-03-27 00:43:12,874 [main] INFO  org.apache.pig.backend.hadoop.executionengine.mapReduceLayer.InputSizeReducerEstimator - BytesPerReducer=1000000000 maxReducers=999 totalInputFileSize=26425
2016-03-27 00:43:12,875 [main] INFO  org.apache.pig.backend.hadoop.executionengine.mapReduceLayer.JobControlCompiler - Setting Parallelism to 1
2016-03-27 00:43:12,875 [main] INFO  org.apache.pig.backend.hadoop.executionengine.mapReduceLayer.JobControlCompiler - This job cannot be converted run in-process
2016-03-27 00:43:12,927 [main] INFO  org.apache.pig.backend.hadoop.executionengine.mapReduceLayer.JobControlCompiler - Added jar file:/opt/pig-0.15.0/pig-0.15.0-core-h2.jar to DistributedCache through /tmp/temp1341662522/tmp-242064532/pig-0.15.0-core-h2.jar
2016-03-27 00:43:12,944 [main] INFO  org.apache.pig.backend.hadoop.executionengine.mapReduceLayer.JobControlCompiler - Added jar file:/opt/pig-0.15.0/lib/automaton-1.11-8.jar to DistributedCache through /tmp/temp1341662522/tmp-1912301552/automaton-1.11-8.jar
2016-03-27 00:43:12,959 [main] INFO  org.apache.pig.backend.hadoop.executionengine.mapReduceLayer.JobControlCompiler - Added jar file:/opt/pig-0.15.0/lib/antlr-runtime-3.4.jar to DistributedCache through /tmp/temp1341662522/tmp-389343360/antlr-runtime-3.4.jar
2016-03-27 00:43:12,973 [main] INFO  org.apache.pig.backend.hadoop.executionengine.mapReduceLayer.JobControlCompiler - Added jar file:/opt/pig-0.15.0/lib/joda-time-2.5.jar to DistributedCache through /tmp/temp1341662522/tmp-1790057137/joda-time-2.5.jar
2016-03-27 00:43:12,987 [main] INFO  org.apache.pig.backend.hadoop.executionengine.mapReduceLayer.JobControlCompiler - Setting up single store job
2016-03-27 00:43:12,988 [main] INFO  org.apache.pig.data.SchemaTupleFrontend - Key [pig.schematuple] is false, will not generate code.
2016-03-27 00:43:12,988 [main] INFO  org.apache.pig.data.SchemaTupleFrontend - Starting process to move generated code to distributed cacche
2016-03-27 00:43:12,988 [main] INFO  org.apache.pig.data.SchemaTupleFrontend - Setting key [pig.schematuple.classes] with classes to deserialize []
2016-03-27 00:43:13,032 [main] INFO  org.apache.pig.backend.hadoop.executionengine.mapReduceLayer.MapReduceLauncher - 1 map-reduce job(s) waiting for submission.
2016-03-27 00:43:13,041 [JobControl] INFO  org.apache.hadoop.yarn.client.RMProxy - Connecting to ResourceManager at cmsc491.home/10.0.2.15:8032
2016-03-27 00:43:13,047 [JobControl] INFO  org.apache.hadoop.conf.Configuration.deprecation - fs.default.name is deprecated. Instead, use fs.defaultFS
2016-03-27 00:43:13,061 [JobControl] WARN  org.apache.hadoop.mapreduce.JobResourceUploader - No job jar file set.  User classes may not be found. See Job or Job#setJar(String).
2016-03-27 00:43:13,089 [JobControl] INFO  org.apache.hadoop.mapreduce.lib.input.FileInputFormat - Total input paths to process : 1
2016-03-27 00:43:13,089 [JobControl] INFO  org.apache.pig.backend.hadoop.executionengine.util.MapRedUtil - Total input paths to process : 1
2016-03-27 00:43:13,089 [JobControl] INFO  org.apache.pig.backend.hadoop.executionengine.util.MapRedUtil - Total input paths (combined) to process : 1
2016-03-27 00:43:13,131 [JobControl] INFO  org.apache.hadoop.mapreduce.JobSubmitter - number of splits:1
2016-03-27 00:43:13,168 [JobControl] INFO  org.apache.hadoop.mapreduce.JobSubmitter - Submitting tokens for job: job_1458628915747_0150
2016-03-27 00:43:13,173 [JobControl] INFO  org.apache.hadoop.mapred.YARNRunner - Job jar is not present. Not adding any jar to the list of resources.
2016-03-27 00:43:13,204 [JobControl] INFO  org.apache.hadoop.yarn.client.api.impl.YarnClientImpl - Submitted application application_1458628915747_0150
2016-03-27 00:43:13,208 [JobControl] INFO  org.apache.hadoop.mapreduce.Job - The url to track the job: http://cmsc491.home:8088/proxy/application_1458628915747_0150/
2016-03-27 00:43:13,535 [main] INFO  org.apache.pig.backend.hadoop.executionengine.mapReduceLayer.MapReduceLauncher - HadoopJobId: job_1458628915747_0150
2016-03-27 00:43:13,535 [main] INFO  org.apache.pig.backend.hadoop.executionengine.mapReduceLayer.MapReduceLauncher - Processing aliases order_groups
2016-03-27 00:43:13,535 [main] INFO  org.apache.pig.backend.hadoop.executionengine.mapReduceLayer.MapReduceLauncher - detailed locations: M: order_groups[45,15] C:  R: 
2016-03-27 00:43:35,685 [main] INFO  org.apache.pig.backend.hadoop.executionengine.mapReduceLayer.MapReduceLauncher - 50% complete
2016-03-27 00:43:35,685 [main] INFO  org.apache.pig.backend.hadoop.executionengine.mapReduceLayer.MapReduceLauncher - Running jobs are [job_1458628915747_0150]
2016-03-27 00:43:43,707 [main] INFO  org.apache.pig.backend.hadoop.executionengine.mapReduceLayer.MapReduceLauncher - 60% complete
2016-03-27 00:43:43,707 [main] INFO  org.apache.pig.backend.hadoop.executionengine.mapReduceLayer.MapReduceLauncher - Running jobs are [job_1458628915747_0150]
2016-03-27 00:43:48,734 [main] INFO  org.apache.hadoop.yarn.client.RMProxy - Connecting to ResourceManager at cmsc491.home/10.0.2.15:8032
2016-03-27 00:43:48,740 [main] INFO  org.apache.hadoop.mapred.ClientServiceDelegate - Application state is completed. FinalApplicationStatus=SUCCEEDED. Redirecting to job history server
2016-03-27 00:43:48,848 [main] INFO  org.apache.hadoop.yarn.client.RMProxy - Connecting to ResourceManager at cmsc491.home/10.0.2.15:8032
2016-03-27 00:43:48,859 [main] INFO  org.apache.hadoop.mapred.ClientServiceDelegate - Application state is completed. FinalApplicationStatus=SUCCEEDED. Redirecting to job history server
2016-03-27 00:43:48,918 [main] INFO  org.apache.hadoop.yarn.client.RMProxy - Connecting to ResourceManager at cmsc491.home/10.0.2.15:8032
2016-03-27 00:43:48,924 [main] INFO  org.apache.hadoop.mapred.ClientServiceDelegate - Application state is completed. FinalApplicationStatus=SUCCEEDED. Redirecting to job history server
2016-03-27 00:43:48,988 [main] INFO  org.apache.pig.tools.pigstats.mapreduce.MRScriptState - Pig script settings are added to the job
2016-03-27 00:43:48,989 [main] INFO  org.apache.pig.backend.hadoop.executionengine.mapReduceLayer.JobControlCompiler - mapred.job.reduce.markreset.buffer.percent is not set, set to default 0.3
2016-03-27 00:43:48,989 [main] INFO  org.apache.pig.backend.hadoop.executionengine.mapReduceLayer.JobControlCompiler - Reduce phase detected, estimating # of required reducers.
2016-03-27 00:43:48,989 [main] INFO  org.apache.pig.backend.hadoop.executionengine.mapReduceLayer.JobControlCompiler - Setting Parallelism to 1
2016-03-27 00:43:48,989 [main] INFO  org.apache.pig.backend.hadoop.executionengine.mapReduceLayer.JobControlCompiler - This job cannot be converted run in-process
2016-03-27 00:43:49,046 [main] INFO  org.apache.pig.backend.hadoop.executionengine.mapReduceLayer.JobControlCompiler - Added jar file:/opt/pig-0.15.0/pig-0.15.0-core-h2.jar to DistributedCache through /tmp/temp1341662522/tmp-1920945789/pig-0.15.0-core-h2.jar
2016-03-27 00:43:49,087 [main] INFO  org.apache.pig.backend.hadoop.executionengine.mapReduceLayer.JobControlCompiler - Added jar file:/opt/pig-0.15.0/lib/automaton-1.11-8.jar to DistributedCache through /tmp/temp1341662522/tmp-1432447016/automaton-1.11-8.jar
2016-03-27 00:43:49,124 [main] INFO  org.apache.pig.backend.hadoop.executionengine.mapReduceLayer.JobControlCompiler - Added jar file:/opt/pig-0.15.0/lib/antlr-runtime-3.4.jar to DistributedCache through /tmp/temp1341662522/tmp-192697261/antlr-runtime-3.4.jar
2016-03-27 00:43:49,166 [main] INFO  org.apache.pig.backend.hadoop.executionengine.mapReduceLayer.JobControlCompiler - Added jar file:/opt/pig-0.15.0/lib/joda-time-2.5.jar to DistributedCache through /tmp/temp1341662522/tmp381459318/joda-time-2.5.jar
2016-03-27 00:43:49,186 [main] INFO  org.apache.pig.backend.hadoop.executionengine.mapReduceLayer.JobControlCompiler - Setting up single store job
2016-03-27 00:43:49,187 [main] INFO  org.apache.pig.data.SchemaTupleFrontend - Key [pig.schematuple] is false, will not generate code.
2016-03-27 00:43:49,187 [main] INFO  org.apache.pig.data.SchemaTupleFrontend - Starting process to move generated code to distributed cacche
2016-03-27 00:43:49,187 [main] INFO  org.apache.pig.data.SchemaTupleFrontend - Setting key [pig.schematuple.classes] with classes to deserialize []
2016-03-27 00:43:49,217 [main] INFO  org.apache.pig.backend.hadoop.executionengine.mapReduceLayer.MapReduceLauncher - 1 map-reduce job(s) waiting for submission.
2016-03-27 00:43:49,220 [JobControl] INFO  org.apache.hadoop.yarn.client.RMProxy - Connecting to ResourceManager at cmsc491.home/10.0.2.15:8032
2016-03-27 00:43:49,224 [JobControl] INFO  org.apache.hadoop.conf.Configuration.deprecation - fs.default.name is deprecated. Instead, use fs.defaultFS
2016-03-27 00:43:49,251 [JobControl] WARN  org.apache.hadoop.mapreduce.JobResourceUploader - No job jar file set.  User classes may not be found. See Job or Job#setJar(String).
2016-03-27 00:43:49,305 [JobControl] INFO  org.apache.hadoop.mapreduce.lib.input.FileInputFormat - Total input paths to process : 1
2016-03-27 00:43:49,305 [JobControl] INFO  org.apache.pig.backend.hadoop.executionengine.util.MapRedUtil - Total input paths to process : 1
2016-03-27 00:43:49,305 [JobControl] INFO  org.apache.pig.backend.hadoop.executionengine.util.MapRedUtil - Total input paths (combined) to process : 1
2016-03-27 00:43:49,373 [JobControl] INFO  org.apache.hadoop.mapreduce.JobSubmitter - number of splits:1
2016-03-27 00:43:49,406 [JobControl] INFO  org.apache.hadoop.mapreduce.JobSubmitter - Submitting tokens for job: job_1458628915747_0151
2016-03-27 00:43:49,419 [JobControl] INFO  org.apache.hadoop.mapred.YARNRunner - Job jar is not present. Not adding any jar to the list of resources.
2016-03-27 00:43:49,471 [JobControl] INFO  org.apache.hadoop.yarn.client.api.impl.YarnClientImpl - Submitted application application_1458628915747_0151
2016-03-27 00:43:49,536 [JobControl] INFO  org.apache.hadoop.mapreduce.Job - The url to track the job: http://cmsc491.home:8088/proxy/application_1458628915747_0151/
2016-03-27 00:43:49,719 [main] INFO  org.apache.pig.backend.hadoop.executionengine.mapReduceLayer.MapReduceLauncher - HadoopJobId: job_1458628915747_0151
2016-03-27 00:43:49,719 [main] INFO  org.apache.pig.backend.hadoop.executionengine.mapReduceLayer.MapReduceLauncher - Processing aliases order_groups
2016-03-27 00:43:49,719 [main] INFO  org.apache.pig.backend.hadoop.executionengine.mapReduceLayer.MapReduceLauncher - detailed locations: M: order_groups[45,15] C:  R: 
2016-03-27 00:44:08,775 [main] INFO  org.apache.pig.backend.hadoop.executionengine.mapReduceLayer.MapReduceLauncher - 70% complete
2016-03-27 00:44:08,775 [main] INFO  org.apache.pig.backend.hadoop.executionengine.mapReduceLayer.MapReduceLauncher - Running jobs are [job_1458628915747_0151]
2016-03-27 00:44:16,800 [main] INFO  org.apache.pig.backend.hadoop.executionengine.mapReduceLayer.MapReduceLauncher - 80% complete
2016-03-27 00:44:16,801 [main] INFO  org.apache.pig.backend.hadoop.executionengine.mapReduceLayer.MapReduceLauncher - Running jobs are [job_1458628915747_0151]
2016-03-27 00:44:19,811 [main] INFO  org.apache.hadoop.yarn.client.RMProxy - Connecting to ResourceManager at cmsc491.home/10.0.2.15:8032
2016-03-27 00:44:19,824 [main] INFO  org.apache.hadoop.mapred.ClientServiceDelegate - Application state is completed. FinalApplicationStatus=SUCCEEDED. Redirecting to job history server
2016-03-27 00:44:19,916 [main] INFO  org.apache.hadoop.yarn.client.RMProxy - Connecting to ResourceManager at cmsc491.home/10.0.2.15:8032
2016-03-27 00:44:19,920 [main] INFO  org.apache.hadoop.mapred.ClientServiceDelegate - Application state is completed. FinalApplicationStatus=SUCCEEDED. Redirecting to job history server
2016-03-27 00:44:19,966 [main] INFO  org.apache.hadoop.yarn.client.RMProxy - Connecting to ResourceManager at cmsc491.home/10.0.2.15:8032
2016-03-27 00:44:19,970 [main] INFO  org.apache.hadoop.mapred.ClientServiceDelegate - Application state is completed. FinalApplicationStatus=SUCCEEDED. Redirecting to job history server
2016-03-27 00:44:19,998 [main] INFO  org.apache.pig.tools.pigstats.mapreduce.MRScriptState - Pig script settings are added to the job
2016-03-27 00:44:19,999 [main] INFO  org.apache.pig.backend.hadoop.executionengine.mapReduceLayer.JobControlCompiler - mapred.job.reduce.markreset.buffer.percent is not set, set to default 0.3
2016-03-27 00:44:20,001 [main] INFO  org.apache.pig.backend.hadoop.executionengine.mapReduceLayer.JobControlCompiler - Reduce phase detected, estimating # of required reducers.
2016-03-27 00:44:20,001 [main] INFO  org.apache.pig.backend.hadoop.executionengine.mapReduceLayer.JobControlCompiler - Setting Parallelism to 1
2016-03-27 00:44:20,001 [main] INFO  org.apache.pig.backend.hadoop.executionengine.mapReduceLayer.JobControlCompiler - This job cannot be converted run in-process
2016-03-27 00:44:20,069 [main] INFO  org.apache.pig.backend.hadoop.executionengine.mapReduceLayer.JobControlCompiler - Added jar file:/opt/pig-0.15.0/pig-0.15.0-core-h2.jar to DistributedCache through /tmp/temp1341662522/tmp724849268/pig-0.15.0-core-h2.jar
2016-03-27 00:44:20,101 [main] INFO  org.apache.pig.backend.hadoop.executionengine.mapReduceLayer.JobControlCompiler - Added jar file:/opt/pig-0.15.0/lib/automaton-1.11-8.jar to DistributedCache through /tmp/temp1341662522/tmp-1719857466/automaton-1.11-8.jar
2016-03-27 00:44:20,124 [main] INFO  org.apache.pig.backend.hadoop.executionengine.mapReduceLayer.JobControlCompiler - Added jar file:/opt/pig-0.15.0/lib/antlr-runtime-3.4.jar to DistributedCache through /tmp/temp1341662522/tmp451345145/antlr-runtime-3.4.jar
2016-03-27 00:44:20,154 [main] INFO  org.apache.pig.backend.hadoop.executionengine.mapReduceLayer.JobControlCompiler - Added jar file:/opt/pig-0.15.0/lib/joda-time-2.5.jar to DistributedCache through /tmp/temp1341662522/tmp1952615365/joda-time-2.5.jar
2016-03-27 00:44:20,160 [main] INFO  org.apache.pig.backend.hadoop.executionengine.mapReduceLayer.JobControlCompiler - Setting up single store job
2016-03-27 00:44:20,162 [main] INFO  org.apache.pig.data.SchemaTupleFrontend - Key [pig.schematuple] is false, will not generate code.
2016-03-27 00:44:20,162 [main] INFO  org.apache.pig.data.SchemaTupleFrontend - Starting process to move generated code to distributed cacche
2016-03-27 00:44:20,163 [main] INFO  org.apache.pig.data.SchemaTupleFrontend - Setting key [pig.schematuple.classes] with classes to deserialize []
2016-03-27 00:44:20,178 [main] INFO  org.apache.pig.backend.hadoop.executionengine.mapReduceLayer.MapReduceLauncher - 1 map-reduce job(s) waiting for submission.
2016-03-27 00:44:20,185 [JobControl] INFO  org.apache.hadoop.yarn.client.RMProxy - Connecting to ResourceManager at cmsc491.home/10.0.2.15:8032
2016-03-27 00:44:20,191 [JobControl] INFO  org.apache.hadoop.conf.Configuration.deprecation - fs.default.name is deprecated. Instead, use fs.defaultFS
2016-03-27 00:44:20,218 [JobControl] WARN  org.apache.hadoop.mapreduce.JobResourceUploader - No job jar file set.  User classes may not be found. See Job or Job#setJar(String).
2016-03-27 00:44:20,254 [JobControl] INFO  org.apache.hadoop.mapreduce.lib.input.FileInputFormat - Total input paths to process : 1
2016-03-27 00:44:20,254 [JobControl] INFO  org.apache.pig.backend.hadoop.executionengine.util.MapRedUtil - Total input paths to process : 1
2016-03-27 00:44:20,254 [JobControl] INFO  org.apache.pig.backend.hadoop.executionengine.util.MapRedUtil - Total input paths (combined) to process : 1
2016-03-27 00:44:20,323 [JobControl] INFO  org.apache.hadoop.mapreduce.JobSubmitter - number of splits:1
2016-03-27 00:44:20,411 [JobControl] INFO  org.apache.hadoop.mapreduce.JobSubmitter - Submitting tokens for job: job_1458628915747_0152
2016-03-27 00:44:20,421 [JobControl] INFO  org.apache.hadoop.mapred.YARNRunner - Job jar is not present. Not adding any jar to the list of resources.
2016-03-27 00:44:20,510 [JobControl] INFO  org.apache.hadoop.yarn.client.api.impl.YarnClientImpl - Submitted application application_1458628915747_0152
2016-03-27 00:44:20,522 [JobControl] INFO  org.apache.hadoop.mapreduce.Job - The url to track the job: http://cmsc491.home:8088/proxy/application_1458628915747_0152/
2016-03-27 00:44:20,680 [main] INFO  org.apache.pig.backend.hadoop.executionengine.mapReduceLayer.MapReduceLauncher - HadoopJobId: job_1458628915747_0152
2016-03-27 00:44:20,680 [main] INFO  org.apache.pig.backend.hadoop.executionengine.mapReduceLayer.MapReduceLauncher - Processing aliases order_groups
2016-03-27 00:44:20,681 [main] INFO  org.apache.pig.backend.hadoop.executionengine.mapReduceLayer.MapReduceLauncher - detailed locations: M: order_groups[45,15] C:  R: 
2016-03-27 00:44:40,986 [main] INFO  org.apache.pig.backend.hadoop.executionengine.mapReduceLayer.MapReduceLauncher - 90% complete
2016-03-27 00:44:40,986 [main] INFO  org.apache.pig.backend.hadoop.executionengine.mapReduceLayer.MapReduceLauncher - Running jobs are [job_1458628915747_0152]
2016-03-27 00:44:50,021 [main] INFO  org.apache.pig.backend.hadoop.executionengine.mapReduceLayer.MapReduceLauncher - Running jobs are [job_1458628915747_0152]
2016-03-27 00:44:51,025 [main] INFO  org.apache.hadoop.yarn.client.RMProxy - Connecting to ResourceManager at cmsc491.home/10.0.2.15:8032
2016-03-27 00:44:51,039 [main] INFO  org.apache.hadoop.mapred.ClientServiceDelegate - Application state is completed. FinalApplicationStatus=SUCCEEDED. Redirecting to job history server
2016-03-27 00:44:51,161 [main] INFO  org.apache.hadoop.yarn.client.RMProxy - Connecting to ResourceManager at cmsc491.home/10.0.2.15:8032
2016-03-27 00:44:51,170 [main] INFO  org.apache.hadoop.mapred.ClientServiceDelegate - Application state is completed. FinalApplicationStatus=SUCCEEDED. Redirecting to job history server
2016-03-27 00:44:51,230 [main] INFO  org.apache.hadoop.yarn.client.RMProxy - Connecting to ResourceManager at cmsc491.home/10.0.2.15:8032
2016-03-27 00:44:51,236 [main] INFO  org.apache.hadoop.mapred.ClientServiceDelegate - Application state is completed. FinalApplicationStatus=SUCCEEDED. Redirecting to job history server
2016-03-27 00:44:51,301 [main] INFO  org.apache.pig.backend.hadoop.executionengine.mapReduceLayer.MapReduceLauncher - 100% complete
2016-03-27 00:44:51,350 [main] INFO  org.apache.pig.tools.pigstats.mapreduce.SimplePigStats - Script Statistics: 

HadoopVersion	PigVersion	UserId	StartedAt	FinishedAt	Features
2.7.2	0.15.0	tadams2	2016-03-27 00:42:24	2016-03-27 00:44:51	GROUP_BY,ORDER_BY,DISTINCT,LIMIT

Success!

Job Stats (time in seconds):
JobId	Maps	Reduces	MaxMapTime	MinMapTime	AvgMapTime	MedianMapTime	MaxReduceTime	MinReduceTime	AvgReduceTime	MedianReducetime	Alias	Feature	Outputs
job_1458628915747_0148	1	1	5	5	5	5	3	3	3	3	part,top_record,user_groups,user_groups_cnt	GROUP_BY	
job_1458628915747_0149	1	1	3	3	3	3	3	3	3	3		DISTINCT	
job_1458628915747_0150	1	1	5	5	5	5	5	5	5	5	order_groups	SAMPLER	
job_1458628915747_0151	1	1	5	5	5	5	5	5	5	5	order_groups	ORDER_BY,COMBINER	
job_1458628915747_0152	1	1	5	5	5	5	6	6	6	6	order_groups		hdfs://cmsc491.home:8020/user/tadams2/mostPop/2016/03/27/00,

Input(s):
Successfully read 1000 records (517900 bytes) from: "/in/tweets/2016/03/27/03"

Output(s):
Successfully stored 100 records (3413 bytes) in: "hdfs://cmsc491.home:8020/user/tadams2/mostPop/2016/03/27/00"

Counters:
Total records written : 100
Total bytes written : 3413
Spillable Memory Manager spill count : 0
Total bags proactively spilled: 0
Total records proactively spilled: 0

Job DAG:
job_1458628915747_0148	->	job_1458628915747_0149,
job_1458628915747_0149	->	job_1458628915747_0150,
job_1458628915747_0150	->	job_1458628915747_0151,
job_1458628915747_0151	->	job_1458628915747_0152,
job_1458628915747_0152


2016-03-27 00:44:51,351 [main] INFO  org.apache.hadoop.yarn.client.RMProxy - Connecting to ResourceManager at cmsc491.home/10.0.2.15:8032
2016-03-27 00:44:51,353 [main] INFO  org.apache.hadoop.mapred.ClientServiceDelegate - Application state is completed. FinalApplicationStatus=SUCCEEDED. Redirecting to job history server
2016-03-27 00:44:51,407 [main] INFO  org.apache.hadoop.yarn.client.RMProxy - Connecting to ResourceManager at cmsc491.home/10.0.2.15:8032
2016-03-27 00:44:51,414 [main] INFO  org.apache.hadoop.mapred.ClientServiceDelegate - Application state is completed. FinalApplicationStatus=SUCCEEDED. Redirecting to job history server
2016-03-27 00:44:51,448 [main] INFO  org.apache.hadoop.yarn.client.RMProxy - Connecting to ResourceManager at cmsc491.home/10.0.2.15:8032
2016-03-27 00:44:51,452 [main] INFO  org.apache.hadoop.mapred.ClientServiceDelegate - Application state is completed. FinalApplicationStatus=SUCCEEDED. Redirecting to job history server
2016-03-27 00:44:51,497 [main] INFO  org.apache.hadoop.yarn.client.RMProxy - Connecting to ResourceManager at cmsc491.home/10.0.2.15:8032
2016-03-27 00:44:51,503 [main] INFO  org.apache.hadoop.mapred.ClientServiceDelegate - Application state is completed. FinalApplicationStatus=SUCCEEDED. Redirecting to job history server
2016-03-27 00:44:51,557 [main] INFO  org.apache.hadoop.yarn.client.RMProxy - Connecting to ResourceManager at cmsc491.home/10.0.2.15:8032
2016-03-27 00:44:51,564 [main] INFO  org.apache.hadoop.mapred.ClientServiceDelegate - Application state is completed. FinalApplicationStatus=SUCCEEDED. Redirecting to job history server
2016-03-27 00:44:51,602 [main] INFO  org.apache.hadoop.yarn.client.RMProxy - Connecting to ResourceManager at cmsc491.home/10.0.2.15:8032
2016-03-27 00:44:51,606 [main] INFO  org.apache.hadoop.mapred.ClientServiceDelegate - Application state is completed. FinalApplicationStatus=SUCCEEDED. Redirecting to job history server
2016-03-27 00:44:51,640 [main] INFO  org.apache.hadoop.yarn.client.RMProxy - Connecting to ResourceManager at cmsc491.home/10.0.2.15:8032
2016-03-27 00:44:51,646 [main] INFO  org.apache.hadoop.mapred.ClientServiceDelegate - Application state is completed. FinalApplicationStatus=SUCCEEDED. Redirecting to job history server
2016-03-27 00:44:51,713 [main] INFO  org.apache.hadoop.yarn.client.RMProxy - Connecting to ResourceManager at cmsc491.home/10.0.2.15:8032
2016-03-27 00:44:51,720 [main] INFO  org.apache.hadoop.mapred.ClientServiceDelegate - Application state is completed. FinalApplicationStatus=SUCCEEDED. Redirecting to job history server
2016-03-27 00:44:51,754 [main] INFO  org.apache.hadoop.yarn.client.RMProxy - Connecting to ResourceManager at cmsc491.home/10.0.2.15:8032
2016-03-27 00:44:51,756 [main] INFO  org.apache.hadoop.mapred.ClientServiceDelegate - Application state is completed. FinalApplicationStatus=SUCCEEDED. Redirecting to job history server
2016-03-27 00:44:51,791 [main] INFO  org.apache.hadoop.yarn.client.RMProxy - Connecting to ResourceManager at cmsc491.home/10.0.2.15:8032
2016-03-27 00:44:51,798 [main] INFO  org.apache.hadoop.mapred.ClientServiceDelegate - Application state is completed. FinalApplicationStatus=SUCCEEDED. Redirecting to job history server
2016-03-27 00:44:51,836 [main] INFO  org.apache.hadoop.yarn.client.RMProxy - Connecting to ResourceManager at cmsc491.home/10.0.2.15:8032
2016-03-27 00:44:51,838 [main] INFO  org.apache.hadoop.mapred.ClientServiceDelegate - Application state is completed. FinalApplicationStatus=SUCCEEDED. Redirecting to job history server
2016-03-27 00:44:51,870 [main] INFO  org.apache.hadoop.yarn.client.RMProxy - Connecting to ResourceManager at cmsc491.home/10.0.2.15:8032
2016-03-27 00:44:51,873 [main] INFO  org.apache.hadoop.mapred.ClientServiceDelegate - Application state is completed. FinalApplicationStatus=SUCCEEDED. Redirecting to job history server
2016-03-27 00:44:51,920 [main] INFO  org.apache.hadoop.yarn.client.RMProxy - Connecting to ResourceManager at cmsc491.home/10.0.2.15:8032
2016-03-27 00:44:51,923 [main] INFO  org.apache.hadoop.mapred.ClientServiceDelegate - Application state is completed. FinalApplicationStatus=SUCCEEDED. Redirecting to job history server
2016-03-27 00:44:51,957 [main] INFO  org.apache.hadoop.yarn.client.RMProxy - Connecting to ResourceManager at cmsc491.home/10.0.2.15:8032
2016-03-27 00:44:51,964 [main] INFO  org.apache.hadoop.mapred.ClientServiceDelegate - Application state is completed. FinalApplicationStatus=SUCCEEDED. Redirecting to job history server
2016-03-27 00:44:52,023 [main] INFO  org.apache.hadoop.yarn.client.RMProxy - Connecting to ResourceManager at cmsc491.home/10.0.2.15:8032
2016-03-27 00:44:52,025 [main] INFO  org.apache.hadoop.mapred.ClientServiceDelegate - Application state is completed. FinalApplicationStatus=SUCCEEDED. Redirecting to job history server
2016-03-27 00:44:52,075 [main] INFO  org.apache.pig.backend.hadoop.executionengine.mapReduceLayer.MapReduceLauncher - Success!
2016-03-27 00:44:52,122 [main] INFO  org.apache.pig.Main - Pig script completed in 2 minutes, 30 seconds and 232 milliseconds (150232 ms)
