16/03/27 00:47:16 INFO pig.ExecTypeProvider: Trying ExecType : LOCAL
16/03/27 00:47:16 INFO pig.ExecTypeProvider: Trying ExecType : MAPREDUCE
16/03/27 00:47:16 INFO pig.ExecTypeProvider: Picked MAPREDUCE as the ExecType
2016-03-27 00:47:17,055 [main] INFO  org.apache.pig.Main - Apache Pig version 0.15.0 (r1682971) compiled Jun 01 2015, 11:44:35
2016-03-27 00:47:17,056 [main] INFO  org.apache.pig.Main - Logging error messages to: /home/tadams2/analytics/pig_1459054037051.log
2016-03-27 00:47:18,737 [main] INFO  org.apache.pig.impl.util.Utils - Default bootup file /home/tadams2/.pigbootup not found
2016-03-27 00:47:19,030 [main] INFO  org.apache.hadoop.conf.Configuration.deprecation - mapred.job.tracker is deprecated. Instead, use mapreduce.jobtracker.address
2016-03-27 00:47:19,031 [main] INFO  org.apache.hadoop.conf.Configuration.deprecation - fs.default.name is deprecated. Instead, use fs.defaultFS
2016-03-27 00:47:19,031 [main] INFO  org.apache.pig.backend.hadoop.executionengine.HExecutionEngine - Connecting to hadoop file system at: hdfs://cmsc491.home:8020/
2016-03-27 00:47:21,049 [main] INFO  org.apache.hadoop.conf.Configuration.deprecation - fs.default.name is deprecated. Instead, use fs.defaultFS
part: {created_at: chararray,id: long,text: chararray,source: chararray,retweet_count: int,favorite_count: int,user_id: long,screen_name: chararray,location: chararray,description: chararray,followers_count: int,statuses_count: int,geo_enabled: boolean,lang: chararray,latitude: float,longitude: float,hashtags: {(chararray)},urls: {(chararray)},mentions: {(chararray)}}
2016-03-27 00:47:22,001 [main] INFO  org.apache.hadoop.conf.Configuration.deprecation - fs.default.name is deprecated. Instead, use fs.defaultFS
2016-03-27 00:47:22,075 [main] INFO  org.apache.hadoop.conf.Configuration.deprecation - mapred.textoutputformat.separator is deprecated. Instead, use mapreduce.output.textoutputformat.separator
2016-03-27 00:47:22,137 [main] INFO  org.apache.pig.tools.pigstats.ScriptState - Pig features used in the script: HASH_JOIN,GROUP_BY,ORDER_BY,DISTINCT
2016-03-27 00:47:22,174 [main] INFO  org.apache.hadoop.conf.Configuration.deprecation - fs.default.name is deprecated. Instead, use fs.defaultFS
2016-03-27 00:47:22,190 [main] INFO  org.apache.pig.data.SchemaTupleBackend - Key [pig.schematuple] was not set... will not generate code.
2016-03-27 00:47:22,251 [main] INFO  org.apache.pig.newplan.logical.optimizer.LogicalPlanOptimizer - {RULES_ENABLED=[AddForEach, ColumnMapKeyPrune, ConstantCalculator, GroupByConstParallelSetter, LimitOptimizer, LoadTypeCastInserter, MergeFilter, MergeForEach, PartitionFilterOptimizer, PredicatePushdownOptimizer, PushDownForEachFlatten, PushUpFilter, SplitFilter, StreamTypeCastInserter]}
2016-03-27 00:47:22,304 [main] INFO  org.apache.pig.newplan.logical.rules.ColumnPruneVisitor - Columns pruned for part: $0, $2, $3, $4, $5, $6, $7, $8, $9, $10, $11, $12, $13, $14, $15, $17, $18
2016-03-27 00:47:22,588 [main] INFO  org.apache.pig.backend.hadoop.executionengine.mapReduceLayer.MRCompiler - File concatenation threshold: 100 optimistic? false
2016-03-27 00:47:22,653 [main] INFO  org.apache.pig.backend.hadoop.executionengine.mapReduceLayer.SecondaryKeyOptimizerMR - Using Secondary Key Optimization for MapReduce node scope-88
2016-03-27 00:47:22,656 [main] INFO  org.apache.pig.backend.hadoop.executionengine.mapReduceLayer.MRCompiler$LastInputStreamingOptimizer - Rewrite: POPackage->POForEach to POPackage(JoinPackager)
2016-03-27 00:47:22,667 [main] INFO  org.apache.pig.backend.hadoop.executionengine.mapReduceLayer.MultiQueryOptimizer - MR plan size before optimization: 6
2016-03-27 00:47:22,667 [main] INFO  org.apache.pig.backend.hadoop.executionengine.mapReduceLayer.MultiQueryOptimizer - Cannot merge this splittee: it has distinct combiner.
2016-03-27 00:47:22,667 [main] INFO  org.apache.pig.backend.hadoop.executionengine.mapReduceLayer.MultiQueryOptimizer - Merged 0 map-reduce splittees.
2016-03-27 00:47:22,667 [main] INFO  org.apache.pig.backend.hadoop.executionengine.mapReduceLayer.MultiQueryOptimizer - Merged 0 out of total 3 MR operators.
2016-03-27 00:47:22,668 [main] INFO  org.apache.pig.backend.hadoop.executionengine.mapReduceLayer.MultiQueryOptimizer - MR plan size after optimization: 6
2016-03-27 00:47:22,705 [main] INFO  org.apache.hadoop.conf.Configuration.deprecation - fs.default.name is deprecated. Instead, use fs.defaultFS
2016-03-27 00:47:22,752 [main] INFO  org.apache.hadoop.yarn.client.RMProxy - Connecting to ResourceManager at cmsc491.home/10.0.2.15:8032
2016-03-27 00:47:23,047 [main] INFO  org.apache.pig.tools.pigstats.mapreduce.MRScriptState - Pig script settings are added to the job
2016-03-27 00:47:23,056 [main] INFO  org.apache.hadoop.conf.Configuration.deprecation - mapred.job.reduce.markreset.buffer.percent is deprecated. Instead, use mapreduce.reduce.markreset.buffer.percent
2016-03-27 00:47:23,056 [main] INFO  org.apache.pig.backend.hadoop.executionengine.mapReduceLayer.JobControlCompiler - mapred.job.reduce.markreset.buffer.percent is not set, set to default 0.3
2016-03-27 00:47:23,056 [main] INFO  org.apache.hadoop.conf.Configuration.deprecation - mapred.output.compress is deprecated. Instead, use mapreduce.output.fileoutputformat.compress
2016-03-27 00:47:23,058 [main] INFO  org.apache.pig.backend.hadoop.executionengine.mapReduceLayer.JobControlCompiler - Reduce phase detected, estimating # of required reducers.
2016-03-27 00:47:23,062 [main] INFO  org.apache.pig.backend.hadoop.executionengine.mapReduceLayer.JobControlCompiler - Using reducer estimator: org.apache.pig.backend.hadoop.executionengine.mapReduceLayer.InputSizeReducerEstimator
2016-03-27 00:47:23,075 [main] INFO  org.apache.pig.backend.hadoop.executionengine.mapReduceLayer.InputSizeReducerEstimator - BytesPerReducer=1000000000 maxReducers=999 totalInputFileSize=342624
2016-03-27 00:47:23,075 [main] INFO  org.apache.pig.backend.hadoop.executionengine.mapReduceLayer.JobControlCompiler - Setting Parallelism to 1
2016-03-27 00:47:23,075 [main] INFO  org.apache.hadoop.conf.Configuration.deprecation - mapred.reduce.tasks is deprecated. Instead, use mapreduce.job.reduces
2016-03-27 00:47:23,075 [main] INFO  org.apache.pig.backend.hadoop.executionengine.mapReduceLayer.JobControlCompiler - This job cannot be converted run in-process
2016-03-27 00:47:23,368 [main] INFO  org.apache.pig.backend.hadoop.executionengine.mapReduceLayer.JobControlCompiler - Added jar file:/opt/pig-0.15.0/pig-0.15.0-core-h2.jar to DistributedCache through /tmp/temp-713875670/tmp-690488142/pig-0.15.0-core-h2.jar
2016-03-27 00:47:23,404 [main] INFO  org.apache.pig.backend.hadoop.executionengine.mapReduceLayer.JobControlCompiler - Added jar file:/opt/pig-0.15.0/lib/h2/avro-mapred-1.7.5-hadoop2.jar to DistributedCache through /tmp/temp-713875670/tmp1584367034/avro-mapred-1.7.5-hadoop2.jar
2016-03-27 00:47:23,458 [main] INFO  org.apache.pig.backend.hadoop.executionengine.mapReduceLayer.JobControlCompiler - Added jar file:/opt/hadoop-2.7.2/share/hadoop/common/lib/avro-1.7.4.jar to DistributedCache through /tmp/temp-713875670/tmp1000823595/avro-1.7.4.jar
2016-03-27 00:47:23,506 [main] INFO  org.apache.pig.backend.hadoop.executionengine.mapReduceLayer.JobControlCompiler - Added jar file:/opt/pig-0.15.0/lib/automaton-1.11-8.jar to DistributedCache through /tmp/temp-713875670/tmp-1315496566/automaton-1.11-8.jar
2016-03-27 00:47:23,544 [main] INFO  org.apache.pig.backend.hadoop.executionengine.mapReduceLayer.JobControlCompiler - Added jar file:/opt/pig-0.15.0/lib/antlr-runtime-3.4.jar to DistributedCache through /tmp/temp-713875670/tmp2024735289/antlr-runtime-3.4.jar
2016-03-27 00:47:23,572 [main] INFO  org.apache.pig.backend.hadoop.executionengine.mapReduceLayer.JobControlCompiler - Added jar file:/opt/pig-0.15.0/lib/joda-time-2.5.jar to DistributedCache through /tmp/temp-713875670/tmp845925384/joda-time-2.5.jar
2016-03-27 00:47:23,634 [main] INFO  org.apache.pig.backend.hadoop.executionengine.mapReduceLayer.JobControlCompiler - Setting up single store job
2016-03-27 00:47:23,649 [main] INFO  org.apache.pig.data.SchemaTupleFrontend - Key [pig.schematuple] is false, will not generate code.
2016-03-27 00:47:23,650 [main] INFO  org.apache.pig.data.SchemaTupleFrontend - Starting process to move generated code to distributed cacche
2016-03-27 00:47:23,650 [main] INFO  org.apache.pig.data.SchemaTupleFrontend - Setting key [pig.schematuple.classes] with classes to deserialize []
2016-03-27 00:47:23,754 [main] INFO  org.apache.pig.backend.hadoop.executionengine.mapReduceLayer.MapReduceLauncher - 1 map-reduce job(s) waiting for submission.
2016-03-27 00:47:23,755 [main] INFO  org.apache.hadoop.conf.Configuration.deprecation - mapred.job.tracker.http.address is deprecated. Instead, use mapreduce.jobtracker.http.address
2016-03-27 00:47:23,768 [JobControl] INFO  org.apache.hadoop.yarn.client.RMProxy - Connecting to ResourceManager at cmsc491.home/10.0.2.15:8032
2016-03-27 00:47:23,786 [JobControl] INFO  org.apache.hadoop.conf.Configuration.deprecation - fs.default.name is deprecated. Instead, use fs.defaultFS
2016-03-27 00:47:24,096 [JobControl] WARN  org.apache.hadoop.mapreduce.JobResourceUploader - No job jar file set.  User classes may not be found. See Job or Job#setJar(String).
2016-03-27 00:47:24,182 [JobControl] INFO  org.apache.hadoop.mapreduce.lib.input.FileInputFormat - Total input paths to process : 10
2016-03-27 00:47:24,182 [JobControl] INFO  org.apache.pig.backend.hadoop.executionengine.util.MapRedUtil - Total input paths to process : 10
2016-03-27 00:47:24,184 [JobControl] INFO  org.apache.pig.backend.hadoop.executionengine.util.MapRedUtil - Total input paths (combined) to process : 1
2016-03-27 00:47:24,271 [JobControl] INFO  org.apache.hadoop.mapreduce.JobSubmitter - number of splits:1
2016-03-27 00:47:24,555 [JobControl] INFO  org.apache.hadoop.mapreduce.JobSubmitter - Submitting tokens for job: job_1458628915747_0153
2016-03-27 00:47:24,804 [JobControl] INFO  org.apache.hadoop.mapred.YARNRunner - Job jar is not present. Not adding any jar to the list of resources.
2016-03-27 00:47:24,959 [JobControl] INFO  org.apache.hadoop.yarn.client.api.impl.YarnClientImpl - Submitted application application_1458628915747_0153
2016-03-27 00:47:25,036 [JobControl] INFO  org.apache.hadoop.mapreduce.Job - The url to track the job: http://cmsc491.home:8088/proxy/application_1458628915747_0153/
2016-03-27 00:47:25,036 [main] INFO  org.apache.pig.backend.hadoop.executionengine.mapReduceLayer.MapReduceLauncher - HadoopJobId: job_1458628915747_0153
2016-03-27 00:47:25,036 [main] INFO  org.apache.pig.backend.hadoop.executionengine.mapReduceLayer.MapReduceLauncher - Processing aliases hash_fields,hash_groups,part
2016-03-27 00:47:25,036 [main] INFO  org.apache.pig.backend.hadoop.executionengine.mapReduceLayer.MapReduceLauncher - detailed locations: M: part[1,7],hash_fields[25,14],hash_groups[31,14] C:  R: hash_groups[-1,-1]
2016-03-27 00:47:25,048 [main] INFO  org.apache.pig.backend.hadoop.executionengine.mapReduceLayer.MapReduceLauncher - 0% complete
2016-03-27 00:47:25,049 [main] INFO  org.apache.pig.backend.hadoop.executionengine.mapReduceLayer.MapReduceLauncher - Running jobs are [job_1458628915747_0153]
2016-03-27 00:47:44,267 [main] INFO  org.apache.pig.backend.hadoop.executionengine.mapReduceLayer.MapReduceLauncher - 8% complete
2016-03-27 00:47:44,267 [main] INFO  org.apache.pig.backend.hadoop.executionengine.mapReduceLayer.MapReduceLauncher - Running jobs are [job_1458628915747_0153]
2016-03-27 00:47:52,300 [main] INFO  org.apache.pig.backend.hadoop.executionengine.mapReduceLayer.MapReduceLauncher - 16% complete
2016-03-27 00:47:52,300 [main] INFO  org.apache.pig.backend.hadoop.executionengine.mapReduceLayer.MapReduceLauncher - Running jobs are [job_1458628915747_0153]
2016-03-27 00:47:55,310 [main] INFO  org.apache.hadoop.yarn.client.RMProxy - Connecting to ResourceManager at cmsc491.home/10.0.2.15:8032
2016-03-27 00:47:55,316 [main] INFO  org.apache.hadoop.mapred.ClientServiceDelegate - Application state is completed. FinalApplicationStatus=SUCCEEDED. Redirecting to job history server
2016-03-27 00:47:55,428 [main] INFO  org.apache.hadoop.yarn.client.RMProxy - Connecting to ResourceManager at cmsc491.home/10.0.2.15:8032
2016-03-27 00:47:55,432 [main] INFO  org.apache.hadoop.mapred.ClientServiceDelegate - Application state is completed. FinalApplicationStatus=SUCCEEDED. Redirecting to job history server
2016-03-27 00:47:55,478 [main] INFO  org.apache.hadoop.yarn.client.RMProxy - Connecting to ResourceManager at cmsc491.home/10.0.2.15:8032
2016-03-27 00:47:55,481 [main] INFO  org.apache.hadoop.mapred.ClientServiceDelegate - Application state is completed. FinalApplicationStatus=SUCCEEDED. Redirecting to job history server
2016-03-27 00:47:55,514 [main] INFO  org.apache.pig.tools.pigstats.mapreduce.MRScriptState - Pig script settings are added to the job
2016-03-27 00:47:55,515 [main] INFO  org.apache.pig.backend.hadoop.executionengine.mapReduceLayer.JobControlCompiler - mapred.job.reduce.markreset.buffer.percent is not set, set to default 0.3
2016-03-27 00:47:55,515 [main] INFO  org.apache.pig.backend.hadoop.executionengine.mapReduceLayer.JobControlCompiler - Reduce phase detected, estimating # of required reducers.
2016-03-27 00:47:55,515 [main] INFO  org.apache.pig.backend.hadoop.executionengine.mapReduceLayer.JobControlCompiler - Using reducer estimator: org.apache.pig.backend.hadoop.executionengine.mapReduceLayer.InputSizeReducerEstimator
2016-03-27 00:47:55,522 [main] INFO  org.apache.pig.backend.hadoop.executionengine.mapReduceLayer.InputSizeReducerEstimator - BytesPerReducer=1000000000 maxReducers=999 totalInputFileSize=7589
2016-03-27 00:47:55,522 [main] INFO  org.apache.pig.backend.hadoop.executionengine.mapReduceLayer.JobControlCompiler - Setting Parallelism to 1
2016-03-27 00:47:55,522 [main] INFO  org.apache.pig.backend.hadoop.executionengine.mapReduceLayer.JobControlCompiler - This job cannot be converted run in-process
2016-03-27 00:47:55,568 [main] INFO  org.apache.pig.backend.hadoop.executionengine.mapReduceLayer.JobControlCompiler - Added jar file:/opt/pig-0.15.0/pig-0.15.0-core-h2.jar to DistributedCache through /tmp/temp-713875670/tmp1224519239/pig-0.15.0-core-h2.jar
2016-03-27 00:47:55,586 [main] INFO  org.apache.pig.backend.hadoop.executionengine.mapReduceLayer.JobControlCompiler - Added jar file:/opt/pig-0.15.0/lib/automaton-1.11-8.jar to DistributedCache through /tmp/temp-713875670/tmp-1012282304/automaton-1.11-8.jar
2016-03-27 00:47:55,607 [main] INFO  org.apache.pig.backend.hadoop.executionengine.mapReduceLayer.JobControlCompiler - Added jar file:/opt/pig-0.15.0/lib/antlr-runtime-3.4.jar to DistributedCache through /tmp/temp-713875670/tmp-1008019989/antlr-runtime-3.4.jar
2016-03-27 00:47:55,621 [main] INFO  org.apache.pig.backend.hadoop.executionengine.mapReduceLayer.JobControlCompiler - Added jar file:/opt/pig-0.15.0/lib/joda-time-2.5.jar to DistributedCache through /tmp/temp-713875670/tmp1889076805/joda-time-2.5.jar
2016-03-27 00:47:55,631 [main] INFO  org.apache.pig.backend.hadoop.executionengine.mapReduceLayer.JobControlCompiler - Setting up single store job
2016-03-27 00:47:55,632 [main] INFO  org.apache.pig.data.SchemaTupleFrontend - Key [pig.schematuple] is false, will not generate code.
2016-03-27 00:47:55,632 [main] INFO  org.apache.pig.data.SchemaTupleFrontend - Starting process to move generated code to distributed cacche
2016-03-27 00:47:55,632 [main] INFO  org.apache.pig.data.SchemaTupleFrontend - Setting key [pig.schematuple.classes] with classes to deserialize []
2016-03-27 00:47:55,633 [main] INFO  org.apache.pig.backend.hadoop.executionengine.mapReduceLayer.JobControlCompiler - Setting identity combiner class.
2016-03-27 00:47:55,649 [main] INFO  org.apache.pig.backend.hadoop.executionengine.mapReduceLayer.MapReduceLauncher - 1 map-reduce job(s) waiting for submission.
2016-03-27 00:47:55,651 [JobControl] INFO  org.apache.hadoop.yarn.client.RMProxy - Connecting to ResourceManager at cmsc491.home/10.0.2.15:8032
2016-03-27 00:47:55,656 [JobControl] INFO  org.apache.hadoop.conf.Configuration.deprecation - fs.default.name is deprecated. Instead, use fs.defaultFS
2016-03-27 00:47:55,668 [JobControl] WARN  org.apache.hadoop.mapreduce.JobResourceUploader - No job jar file set.  User classes may not be found. See Job or Job#setJar(String).
2016-03-27 00:47:55,694 [JobControl] INFO  org.apache.hadoop.mapreduce.lib.input.FileInputFormat - Total input paths to process : 1
2016-03-27 00:47:55,694 [JobControl] INFO  org.apache.pig.backend.hadoop.executionengine.util.MapRedUtil - Total input paths to process : 1
2016-03-27 00:47:55,694 [JobControl] INFO  org.apache.pig.backend.hadoop.executionengine.util.MapRedUtil - Total input paths (combined) to process : 1
2016-03-27 00:47:55,717 [JobControl] INFO  org.apache.hadoop.mapreduce.JobSubmitter - number of splits:1
2016-03-27 00:47:55,768 [JobControl] INFO  org.apache.hadoop.mapreduce.JobSubmitter - Submitting tokens for job: job_1458628915747_0154
2016-03-27 00:47:55,772 [JobControl] INFO  org.apache.hadoop.mapred.YARNRunner - Job jar is not present. Not adding any jar to the list of resources.
2016-03-27 00:47:55,797 [JobControl] INFO  org.apache.hadoop.yarn.client.api.impl.YarnClientImpl - Submitted application application_1458628915747_0154
2016-03-27 00:47:55,799 [JobControl] INFO  org.apache.hadoop.mapreduce.Job - The url to track the job: http://cmsc491.home:8088/proxy/application_1458628915747_0154/
2016-03-27 00:47:56,151 [main] INFO  org.apache.pig.backend.hadoop.executionengine.mapReduceLayer.MapReduceLauncher - HadoopJobId: job_1458628915747_0154
2016-03-27 00:47:56,151 [main] INFO  org.apache.pig.backend.hadoop.executionengine.mapReduceLayer.MapReduceLauncher - Processing aliases hash_groups,tag_id
2016-03-27 00:47:56,151 [main] INFO  org.apache.pig.backend.hadoop.executionengine.mapReduceLayer.MapReduceLauncher - detailed locations: M: hash_groups[-1,-1],tag_id[42,11] C:  R: 
2016-03-27 00:48:11,193 [main] INFO  org.apache.pig.backend.hadoop.executionengine.mapReduceLayer.MapReduceLauncher - 25% complete
2016-03-27 00:48:11,194 [main] INFO  org.apache.pig.backend.hadoop.executionengine.mapReduceLayer.MapReduceLauncher - Running jobs are [job_1458628915747_0154]
2016-03-27 00:48:18,212 [main] INFO  org.apache.pig.backend.hadoop.executionengine.mapReduceLayer.MapReduceLauncher - 33% complete
2016-03-27 00:48:18,212 [main] INFO  org.apache.pig.backend.hadoop.executionengine.mapReduceLayer.MapReduceLauncher - Running jobs are [job_1458628915747_0154]
2016-03-27 00:48:21,230 [main] INFO  org.apache.hadoop.yarn.client.RMProxy - Connecting to ResourceManager at cmsc491.home/10.0.2.15:8032
2016-03-27 00:48:21,241 [main] INFO  org.apache.hadoop.mapred.ClientServiceDelegate - Application state is completed. FinalApplicationStatus=SUCCEEDED. Redirecting to job history server
2016-03-27 00:48:21,292 [main] INFO  org.apache.hadoop.yarn.client.RMProxy - Connecting to ResourceManager at cmsc491.home/10.0.2.15:8032
2016-03-27 00:48:21,296 [main] INFO  org.apache.hadoop.mapred.ClientServiceDelegate - Application state is completed. FinalApplicationStatus=SUCCEEDED. Redirecting to job history server
2016-03-27 00:48:21,333 [main] INFO  org.apache.hadoop.yarn.client.RMProxy - Connecting to ResourceManager at cmsc491.home/10.0.2.15:8032
2016-03-27 00:48:21,337 [main] INFO  org.apache.hadoop.mapred.ClientServiceDelegate - Application state is completed. FinalApplicationStatus=SUCCEEDED. Redirecting to job history server
2016-03-27 00:48:21,379 [main] INFO  org.apache.pig.tools.pigstats.mapreduce.MRScriptState - Pig script settings are added to the job
2016-03-27 00:48:21,379 [main] INFO  org.apache.pig.backend.hadoop.executionengine.mapReduceLayer.JobControlCompiler - mapred.job.reduce.markreset.buffer.percent is not set, set to default 0.3
2016-03-27 00:48:21,380 [main] INFO  org.apache.pig.backend.hadoop.executionengine.mapReduceLayer.JobControlCompiler - Reduce phase detected, estimating # of required reducers.
2016-03-27 00:48:21,380 [main] INFO  org.apache.pig.backend.hadoop.executionengine.mapReduceLayer.JobControlCompiler - Using reducer estimator: org.apache.pig.backend.hadoop.executionengine.mapReduceLayer.InputSizeReducerEstimator
2016-03-27 00:48:21,392 [main] INFO  org.apache.pig.backend.hadoop.executionengine.mapReduceLayer.InputSizeReducerEstimator - BytesPerReducer=1000000000 maxReducers=999 totalInputFileSize=14911
2016-03-27 00:48:21,392 [main] INFO  org.apache.pig.backend.hadoop.executionengine.mapReduceLayer.JobControlCompiler - Setting Parallelism to 1
2016-03-27 00:48:21,392 [main] INFO  org.apache.pig.backend.hadoop.executionengine.mapReduceLayer.JobControlCompiler - This job cannot be converted run in-process
2016-03-27 00:48:21,427 [main] INFO  org.apache.pig.backend.hadoop.executionengine.mapReduceLayer.JobControlCompiler - Added jar file:/opt/pig-0.15.0/pig-0.15.0-core-h2.jar to DistributedCache through /tmp/temp-713875670/tmp541808559/pig-0.15.0-core-h2.jar
2016-03-27 00:48:21,448 [main] INFO  org.apache.pig.backend.hadoop.executionengine.mapReduceLayer.JobControlCompiler - Added jar file:/opt/pig-0.15.0/lib/automaton-1.11-8.jar to DistributedCache through /tmp/temp-713875670/tmp1183390297/automaton-1.11-8.jar
2016-03-27 00:48:21,472 [main] INFO  org.apache.pig.backend.hadoop.executionengine.mapReduceLayer.JobControlCompiler - Added jar file:/opt/pig-0.15.0/lib/antlr-runtime-3.4.jar to DistributedCache through /tmp/temp-713875670/tmp-1777409919/antlr-runtime-3.4.jar
2016-03-27 00:48:21,494 [main] INFO  org.apache.pig.backend.hadoop.executionengine.mapReduceLayer.JobControlCompiler - Added jar file:/opt/pig-0.15.0/lib/joda-time-2.5.jar to DistributedCache through /tmp/temp-713875670/tmp307067702/joda-time-2.5.jar
2016-03-27 00:48:21,500 [main] INFO  org.apache.pig.backend.hadoop.executionengine.mapReduceLayer.JobControlCompiler - Setting up single store job
2016-03-27 00:48:21,500 [main] INFO  org.apache.pig.data.SchemaTupleFrontend - Key [pig.schematuple] is false, will not generate code.
2016-03-27 00:48:21,500 [main] INFO  org.apache.pig.data.SchemaTupleFrontend - Starting process to move generated code to distributed cacche
2016-03-27 00:48:21,501 [main] INFO  org.apache.pig.data.SchemaTupleFrontend - Setting key [pig.schematuple.classes] with classes to deserialize []
2016-03-27 00:48:21,521 [main] INFO  org.apache.pig.backend.hadoop.executionengine.mapReduceLayer.MapReduceLauncher - 1 map-reduce job(s) waiting for submission.
2016-03-27 00:48:21,530 [JobControl] INFO  org.apache.hadoop.yarn.client.RMProxy - Connecting to ResourceManager at cmsc491.home/10.0.2.15:8032
2016-03-27 00:48:21,536 [JobControl] INFO  org.apache.hadoop.conf.Configuration.deprecation - fs.default.name is deprecated. Instead, use fs.defaultFS
2016-03-27 00:48:21,549 [JobControl] WARN  org.apache.hadoop.mapreduce.JobResourceUploader - No job jar file set.  User classes may not be found. See Job or Job#setJar(String).
2016-03-27 00:48:21,576 [JobControl] INFO  org.apache.hadoop.mapreduce.lib.input.FileInputFormat - Total input paths to process : 1
2016-03-27 00:48:21,576 [JobControl] INFO  org.apache.pig.backend.hadoop.executionengine.util.MapRedUtil - Total input paths to process : 1
2016-03-27 00:48:21,576 [JobControl] INFO  org.apache.pig.backend.hadoop.executionengine.util.MapRedUtil - Total input paths (combined) to process : 1
2016-03-27 00:48:21,580 [JobControl] INFO  org.apache.hadoop.mapreduce.lib.input.FileInputFormat - Total input paths to process : 1
2016-03-27 00:48:21,580 [JobControl] INFO  org.apache.pig.backend.hadoop.executionengine.util.MapRedUtil - Total input paths to process : 1
2016-03-27 00:48:21,580 [JobControl] INFO  org.apache.pig.backend.hadoop.executionengine.util.MapRedUtil - Total input paths (combined) to process : 1
2016-03-27 00:48:21,616 [JobControl] INFO  org.apache.hadoop.mapreduce.JobSubmitter - number of splits:2
2016-03-27 00:48:21,647 [JobControl] INFO  org.apache.hadoop.mapreduce.JobSubmitter - Submitting tokens for job: job_1458628915747_0155
2016-03-27 00:48:21,655 [JobControl] INFO  org.apache.hadoop.mapred.YARNRunner - Job jar is not present. Not adding any jar to the list of resources.
2016-03-27 00:48:21,700 [JobControl] INFO  org.apache.hadoop.yarn.client.api.impl.YarnClientImpl - Submitted application application_1458628915747_0155
2016-03-27 00:48:21,703 [JobControl] INFO  org.apache.hadoop.mapreduce.Job - The url to track the job: http://cmsc491.home:8088/proxy/application_1458628915747_0155/
2016-03-27 00:48:22,023 [main] INFO  org.apache.pig.backend.hadoop.executionengine.mapReduceLayer.MapReduceLauncher - HadoopJobId: job_1458628915747_0155
2016-03-27 00:48:22,023 [main] INFO  org.apache.pig.backend.hadoop.executionengine.mapReduceLayer.MapReduceLauncher - Processing aliases hash_groups,join_list,top100
2016-03-27 00:48:22,023 [main] INFO  org.apache.pig.backend.hadoop.executionengine.mapReduceLayer.MapReduceLauncher - detailed locations: M: join_list[48,12],hash_groups[-1,-1],top100[33,10],join_list[48,12] C:  R: 
2016-03-27 00:48:36,120 [main] INFO  org.apache.pig.backend.hadoop.executionengine.mapReduceLayer.MapReduceLauncher - 41% complete
2016-03-27 00:48:36,120 [main] INFO  org.apache.pig.backend.hadoop.executionengine.mapReduceLayer.MapReduceLauncher - Running jobs are [job_1458628915747_0155]
2016-03-27 00:48:41,133 [main] INFO  org.apache.pig.backend.hadoop.executionengine.mapReduceLayer.MapReduceLauncher - 50% complete
2016-03-27 00:48:41,133 [main] INFO  org.apache.pig.backend.hadoop.executionengine.mapReduceLayer.MapReduceLauncher - Running jobs are [job_1458628915747_0155]
2016-03-27 00:48:47,156 [main] INFO  org.apache.hadoop.yarn.client.RMProxy - Connecting to ResourceManager at cmsc491.home/10.0.2.15:8032
2016-03-27 00:48:47,164 [main] INFO  org.apache.hadoop.mapred.ClientServiceDelegate - Application state is completed. FinalApplicationStatus=SUCCEEDED. Redirecting to job history server
2016-03-27 00:48:47,223 [main] INFO  org.apache.hadoop.yarn.client.RMProxy - Connecting to ResourceManager at cmsc491.home/10.0.2.15:8032
2016-03-27 00:48:47,227 [main] INFO  org.apache.hadoop.mapred.ClientServiceDelegate - Application state is completed. FinalApplicationStatus=SUCCEEDED. Redirecting to job history server
2016-03-27 00:48:47,260 [main] INFO  org.apache.hadoop.yarn.client.RMProxy - Connecting to ResourceManager at cmsc491.home/10.0.2.15:8032
2016-03-27 00:48:47,263 [main] INFO  org.apache.hadoop.mapred.ClientServiceDelegate - Application state is completed. FinalApplicationStatus=SUCCEEDED. Redirecting to job history server
2016-03-27 00:48:47,285 [main] INFO  org.apache.pig.tools.pigstats.mapreduce.MRScriptState - Pig script settings are added to the job
2016-03-27 00:48:47,285 [main] INFO  org.apache.pig.backend.hadoop.executionengine.mapReduceLayer.JobControlCompiler - mapred.job.reduce.markreset.buffer.percent is not set, set to default 0.3
2016-03-27 00:48:47,286 [main] INFO  org.apache.pig.backend.hadoop.executionengine.mapReduceLayer.JobControlCompiler - Reduce phase detected, estimating # of required reducers.
2016-03-27 00:48:47,286 [main] INFO  org.apache.pig.backend.hadoop.executionengine.mapReduceLayer.JobControlCompiler - Using reducer estimator: org.apache.pig.backend.hadoop.executionengine.mapReduceLayer.InputSizeReducerEstimator
2016-03-27 00:48:47,290 [main] INFO  org.apache.pig.backend.hadoop.executionengine.mapReduceLayer.InputSizeReducerEstimator - BytesPerReducer=1000000000 maxReducers=999 totalInputFileSize=30463
2016-03-27 00:48:47,290 [main] INFO  org.apache.pig.backend.hadoop.executionengine.mapReduceLayer.JobControlCompiler - Setting Parallelism to 1
2016-03-27 00:48:47,290 [main] INFO  org.apache.pig.backend.hadoop.executionengine.mapReduceLayer.JobControlCompiler - This job cannot be converted run in-process
2016-03-27 00:48:47,322 [main] INFO  org.apache.pig.backend.hadoop.executionengine.mapReduceLayer.JobControlCompiler - Added jar file:/opt/pig-0.15.0/pig-0.15.0-core-h2.jar to DistributedCache through /tmp/temp-713875670/tmp1839858388/pig-0.15.0-core-h2.jar
2016-03-27 00:48:47,337 [main] INFO  org.apache.pig.backend.hadoop.executionengine.mapReduceLayer.JobControlCompiler - Added jar file:/opt/pig-0.15.0/lib/automaton-1.11-8.jar to DistributedCache through /tmp/temp-713875670/tmp1412903048/automaton-1.11-8.jar
2016-03-27 00:48:47,350 [main] INFO  org.apache.pig.backend.hadoop.executionengine.mapReduceLayer.JobControlCompiler - Added jar file:/opt/pig-0.15.0/lib/antlr-runtime-3.4.jar to DistributedCache through /tmp/temp-713875670/tmp932140795/antlr-runtime-3.4.jar
2016-03-27 00:48:47,362 [main] INFO  org.apache.pig.backend.hadoop.executionengine.mapReduceLayer.JobControlCompiler - Added jar file:/opt/pig-0.15.0/lib/joda-time-2.5.jar to DistributedCache through /tmp/temp-713875670/tmp722097632/joda-time-2.5.jar
2016-03-27 00:48:47,368 [main] INFO  org.apache.pig.backend.hadoop.executionengine.mapReduceLayer.JobControlCompiler - Setting up single store job
2016-03-27 00:48:47,369 [main] INFO  org.apache.pig.data.SchemaTupleFrontend - Key [pig.schematuple] is false, will not generate code.
2016-03-27 00:48:47,369 [main] INFO  org.apache.pig.data.SchemaTupleFrontend - Starting process to move generated code to distributed cacche
2016-03-27 00:48:47,369 [main] INFO  org.apache.pig.data.SchemaTupleFrontend - Setting key [pig.schematuple.classes] with classes to deserialize []
2016-03-27 00:48:47,369 [main] INFO  org.apache.pig.backend.hadoop.executionengine.mapReduceLayer.JobControlCompiler - Setting identity combiner class.
2016-03-27 00:48:47,384 [main] INFO  org.apache.pig.backend.hadoop.executionengine.mapReduceLayer.MapReduceLauncher - 1 map-reduce job(s) waiting for submission.
2016-03-27 00:48:47,390 [JobControl] INFO  org.apache.hadoop.yarn.client.RMProxy - Connecting to ResourceManager at cmsc491.home/10.0.2.15:8032
2016-03-27 00:48:47,393 [JobControl] INFO  org.apache.hadoop.conf.Configuration.deprecation - fs.default.name is deprecated. Instead, use fs.defaultFS
2016-03-27 00:48:47,404 [JobControl] WARN  org.apache.hadoop.mapreduce.JobResourceUploader - No job jar file set.  User classes may not be found. See Job or Job#setJar(String).
2016-03-27 00:48:47,426 [JobControl] INFO  org.apache.hadoop.mapreduce.lib.input.FileInputFormat - Total input paths to process : 1
2016-03-27 00:48:47,426 [JobControl] INFO  org.apache.pig.backend.hadoop.executionengine.util.MapRedUtil - Total input paths to process : 1
2016-03-27 00:48:47,426 [JobControl] INFO  org.apache.pig.backend.hadoop.executionengine.util.MapRedUtil - Total input paths (combined) to process : 1
2016-03-27 00:48:47,464 [JobControl] INFO  org.apache.hadoop.mapreduce.JobSubmitter - number of splits:1
2016-03-27 00:48:47,485 [JobControl] INFO  org.apache.hadoop.mapreduce.JobSubmitter - Submitting tokens for job: job_1458628915747_0156
2016-03-27 00:48:47,488 [JobControl] INFO  org.apache.hadoop.mapred.YARNRunner - Job jar is not present. Not adding any jar to the list of resources.
2016-03-27 00:48:47,514 [JobControl] INFO  org.apache.hadoop.yarn.client.api.impl.YarnClientImpl - Submitted application application_1458628915747_0156
2016-03-27 00:48:47,517 [JobControl] INFO  org.apache.hadoop.mapreduce.Job - The url to track the job: http://cmsc491.home:8088/proxy/application_1458628915747_0156/
2016-03-27 00:48:47,885 [main] INFO  org.apache.pig.backend.hadoop.executionengine.mapReduceLayer.MapReduceLauncher - HadoopJobId: job_1458628915747_0156
2016-03-27 00:48:47,885 [main] INFO  org.apache.pig.backend.hadoop.executionengine.mapReduceLayer.MapReduceLauncher - Processing aliases final_list
2016-03-27 00:48:47,885 [main] INFO  org.apache.pig.backend.hadoop.executionengine.mapReduceLayer.MapReduceLauncher - detailed locations: M:  C:  R: final_list[52,13]
2016-03-27 00:48:59,919 [main] INFO  org.apache.pig.backend.hadoop.executionengine.mapReduceLayer.MapReduceLauncher - 58% complete
2016-03-27 00:48:59,919 [main] INFO  org.apache.pig.backend.hadoop.executionengine.mapReduceLayer.MapReduceLauncher - Running jobs are [job_1458628915747_0156]
2016-03-27 00:49:06,936 [main] INFO  org.apache.pig.backend.hadoop.executionengine.mapReduceLayer.MapReduceLauncher - 66% complete
2016-03-27 00:49:06,936 [main] INFO  org.apache.pig.backend.hadoop.executionengine.mapReduceLayer.MapReduceLauncher - Running jobs are [job_1458628915747_0156]
2016-03-27 00:49:12,958 [main] INFO  org.apache.hadoop.yarn.client.RMProxy - Connecting to ResourceManager at cmsc491.home/10.0.2.15:8032
2016-03-27 00:49:12,966 [main] INFO  org.apache.hadoop.mapred.ClientServiceDelegate - Application state is completed. FinalApplicationStatus=SUCCEEDED. Redirecting to job history server
2016-03-27 00:49:13,052 [main] INFO  org.apache.hadoop.yarn.client.RMProxy - Connecting to ResourceManager at cmsc491.home/10.0.2.15:8032
2016-03-27 00:49:13,056 [main] INFO  org.apache.hadoop.mapred.ClientServiceDelegate - Application state is completed. FinalApplicationStatus=SUCCEEDED. Redirecting to job history server
2016-03-27 00:49:13,094 [main] INFO  org.apache.hadoop.yarn.client.RMProxy - Connecting to ResourceManager at cmsc491.home/10.0.2.15:8032
2016-03-27 00:49:13,097 [main] INFO  org.apache.hadoop.mapred.ClientServiceDelegate - Application state is completed. FinalApplicationStatus=SUCCEEDED. Redirecting to job history server
2016-03-27 00:49:13,124 [main] INFO  org.apache.pig.tools.pigstats.mapreduce.MRScriptState - Pig script settings are added to the job
2016-03-27 00:49:13,127 [main] INFO  org.apache.pig.backend.hadoop.executionengine.mapReduceLayer.JobControlCompiler - mapred.job.reduce.markreset.buffer.percent is not set, set to default 0.3
2016-03-27 00:49:13,131 [main] INFO  org.apache.pig.backend.hadoop.executionengine.mapReduceLayer.JobControlCompiler - Reduce phase detected, estimating # of required reducers.
2016-03-27 00:49:13,131 [main] INFO  org.apache.pig.backend.hadoop.executionengine.mapReduceLayer.JobControlCompiler - Using reducer estimator: org.apache.pig.backend.hadoop.executionengine.mapReduceLayer.InputSizeReducerEstimator
2016-03-27 00:49:13,137 [main] INFO  org.apache.pig.backend.hadoop.executionengine.mapReduceLayer.InputSizeReducerEstimator - BytesPerReducer=1000000000 maxReducers=999 totalInputFileSize=7770
2016-03-27 00:49:13,138 [main] INFO  org.apache.pig.backend.hadoop.executionengine.mapReduceLayer.JobControlCompiler - Setting Parallelism to 1
2016-03-27 00:49:13,138 [main] INFO  org.apache.pig.backend.hadoop.executionengine.mapReduceLayer.JobControlCompiler - This job cannot be converted run in-process
2016-03-27 00:49:13,185 [main] INFO  org.apache.pig.backend.hadoop.executionengine.mapReduceLayer.JobControlCompiler - Added jar file:/opt/pig-0.15.0/pig-0.15.0-core-h2.jar to DistributedCache through /tmp/temp-713875670/tmp-1979320504/pig-0.15.0-core-h2.jar
2016-03-27 00:49:13,218 [main] INFO  org.apache.pig.backend.hadoop.executionengine.mapReduceLayer.JobControlCompiler - Added jar file:/opt/pig-0.15.0/lib/automaton-1.11-8.jar to DistributedCache through /tmp/temp-713875670/tmp1366325142/automaton-1.11-8.jar
2016-03-27 00:49:13,250 [main] INFO  org.apache.pig.backend.hadoop.executionengine.mapReduceLayer.JobControlCompiler - Added jar file:/opt/pig-0.15.0/lib/antlr-runtime-3.4.jar to DistributedCache through /tmp/temp-713875670/tmp-656945432/antlr-runtime-3.4.jar
2016-03-27 00:49:13,275 [main] INFO  org.apache.pig.backend.hadoop.executionengine.mapReduceLayer.JobControlCompiler - Added jar file:/opt/pig-0.15.0/lib/joda-time-2.5.jar to DistributedCache through /tmp/temp-713875670/tmp-1272062335/joda-time-2.5.jar
2016-03-27 00:49:13,280 [main] INFO  org.apache.pig.backend.hadoop.executionengine.mapReduceLayer.JobControlCompiler - Setting up single store job
2016-03-27 00:49:13,281 [main] INFO  org.apache.pig.data.SchemaTupleFrontend - Key [pig.schematuple] is false, will not generate code.
2016-03-27 00:49:13,281 [main] INFO  org.apache.pig.data.SchemaTupleFrontend - Starting process to move generated code to distributed cacche
2016-03-27 00:49:13,281 [main] INFO  org.apache.pig.data.SchemaTupleFrontend - Setting key [pig.schematuple.classes] with classes to deserialize []
2016-03-27 00:49:13,295 [main] INFO  org.apache.pig.backend.hadoop.executionengine.mapReduceLayer.MapReduceLauncher - 1 map-reduce job(s) waiting for submission.
2016-03-27 00:49:13,301 [JobControl] INFO  org.apache.hadoop.yarn.client.RMProxy - Connecting to ResourceManager at cmsc491.home/10.0.2.15:8032
2016-03-27 00:49:13,305 [JobControl] INFO  org.apache.hadoop.conf.Configuration.deprecation - fs.default.name is deprecated. Instead, use fs.defaultFS
2016-03-27 00:49:13,322 [JobControl] WARN  org.apache.hadoop.mapreduce.JobResourceUploader - No job jar file set.  User classes may not be found. See Job or Job#setJar(String).
2016-03-27 00:49:13,352 [JobControl] INFO  org.apache.hadoop.mapreduce.lib.input.FileInputFormat - Total input paths to process : 1
2016-03-27 00:49:13,352 [JobControl] INFO  org.apache.pig.backend.hadoop.executionengine.util.MapRedUtil - Total input paths to process : 1
2016-03-27 00:49:13,352 [JobControl] INFO  org.apache.pig.backend.hadoop.executionengine.util.MapRedUtil - Total input paths (combined) to process : 1
2016-03-27 00:49:13,412 [JobControl] INFO  org.apache.hadoop.mapreduce.JobSubmitter - number of splits:1
2016-03-27 00:49:13,476 [JobControl] INFO  org.apache.hadoop.mapreduce.JobSubmitter - Submitting tokens for job: job_1458628915747_0157
2016-03-27 00:49:13,478 [JobControl] INFO  org.apache.hadoop.mapred.YARNRunner - Job jar is not present. Not adding any jar to the list of resources.
2016-03-27 00:49:13,552 [JobControl] INFO  org.apache.hadoop.yarn.client.api.impl.YarnClientImpl - Submitted application application_1458628915747_0157
2016-03-27 00:49:13,557 [JobControl] INFO  org.apache.hadoop.mapreduce.Job - The url to track the job: http://cmsc491.home:8088/proxy/application_1458628915747_0157/
2016-03-27 00:49:13,798 [main] INFO  org.apache.pig.backend.hadoop.executionengine.mapReduceLayer.MapReduceLauncher - HadoopJobId: job_1458628915747_0157
2016-03-27 00:49:13,798 [main] INFO  org.apache.pig.backend.hadoop.executionengine.mapReduceLayer.MapReduceLauncher - Processing aliases final_list_order
2016-03-27 00:49:13,798 [main] INFO  org.apache.pig.backend.hadoop.executionengine.mapReduceLayer.MapReduceLauncher - detailed locations: M: final_list_order[57,19] C:  R: 
2016-03-27 00:49:30,918 [main] INFO  org.apache.pig.backend.hadoop.executionengine.mapReduceLayer.MapReduceLauncher - 75% complete
2016-03-27 00:49:30,919 [main] INFO  org.apache.pig.backend.hadoop.executionengine.mapReduceLayer.MapReduceLauncher - Running jobs are [job_1458628915747_0157]
2016-03-27 00:49:35,930 [main] INFO  org.apache.pig.backend.hadoop.executionengine.mapReduceLayer.MapReduceLauncher - 83% complete
2016-03-27 00:49:35,931 [main] INFO  org.apache.pig.backend.hadoop.executionengine.mapReduceLayer.MapReduceLauncher - Running jobs are [job_1458628915747_0157]
2016-03-27 00:49:38,950 [main] INFO  org.apache.hadoop.yarn.client.RMProxy - Connecting to ResourceManager at cmsc491.home/10.0.2.15:8032
2016-03-27 00:49:38,955 [main] INFO  org.apache.hadoop.mapred.ClientServiceDelegate - Application state is completed. FinalApplicationStatus=SUCCEEDED. Redirecting to job history server
2016-03-27 00:49:39,034 [main] INFO  org.apache.hadoop.yarn.client.RMProxy - Connecting to ResourceManager at cmsc491.home/10.0.2.15:8032
2016-03-27 00:49:39,039 [main] INFO  org.apache.hadoop.mapred.ClientServiceDelegate - Application state is completed. FinalApplicationStatus=SUCCEEDED. Redirecting to job history server
2016-03-27 00:49:39,092 [main] INFO  org.apache.hadoop.yarn.client.RMProxy - Connecting to ResourceManager at cmsc491.home/10.0.2.15:8032
2016-03-27 00:49:39,095 [main] INFO  org.apache.hadoop.mapred.ClientServiceDelegate - Application state is completed. FinalApplicationStatus=SUCCEEDED. Redirecting to job history server
2016-03-27 00:49:39,156 [main] INFO  org.apache.pig.tools.pigstats.mapreduce.MRScriptState - Pig script settings are added to the job
2016-03-27 00:49:39,157 [main] INFO  org.apache.pig.backend.hadoop.executionengine.mapReduceLayer.JobControlCompiler - mapred.job.reduce.markreset.buffer.percent is not set, set to default 0.3
2016-03-27 00:49:39,157 [main] INFO  org.apache.pig.backend.hadoop.executionengine.mapReduceLayer.JobControlCompiler - Reduce phase detected, estimating # of required reducers.
2016-03-27 00:49:39,158 [main] INFO  org.apache.pig.backend.hadoop.executionengine.mapReduceLayer.JobControlCompiler - Setting Parallelism to 1
2016-03-27 00:49:39,158 [main] INFO  org.apache.pig.backend.hadoop.executionengine.mapReduceLayer.JobControlCompiler - This job cannot be converted run in-process
2016-03-27 00:49:39,203 [main] INFO  org.apache.pig.backend.hadoop.executionengine.mapReduceLayer.JobControlCompiler - Added jar file:/opt/pig-0.15.0/pig-0.15.0-core-h2.jar to DistributedCache through /tmp/temp-713875670/tmp1847627940/pig-0.15.0-core-h2.jar
2016-03-27 00:49:39,231 [main] INFO  org.apache.pig.backend.hadoop.executionengine.mapReduceLayer.JobControlCompiler - Added jar file:/opt/pig-0.15.0/lib/automaton-1.11-8.jar to DistributedCache through /tmp/temp-713875670/tmp1535016050/automaton-1.11-8.jar
2016-03-27 00:49:39,253 [main] INFO  org.apache.pig.backend.hadoop.executionengine.mapReduceLayer.JobControlCompiler - Added jar file:/opt/pig-0.15.0/lib/antlr-runtime-3.4.jar to DistributedCache through /tmp/temp-713875670/tmp1752191717/antlr-runtime-3.4.jar
2016-03-27 00:49:39,285 [main] INFO  org.apache.pig.backend.hadoop.executionengine.mapReduceLayer.JobControlCompiler - Added jar file:/opt/pig-0.15.0/lib/joda-time-2.5.jar to DistributedCache through /tmp/temp-713875670/tmp1826344643/joda-time-2.5.jar
2016-03-27 00:49:39,290 [main] INFO  org.apache.pig.backend.hadoop.executionengine.mapReduceLayer.JobControlCompiler - Setting up single store job
2016-03-27 00:49:39,290 [main] INFO  org.apache.pig.data.SchemaTupleFrontend - Key [pig.schematuple] is false, will not generate code.
2016-03-27 00:49:39,290 [main] INFO  org.apache.pig.data.SchemaTupleFrontend - Starting process to move generated code to distributed cacche
2016-03-27 00:49:39,290 [main] INFO  org.apache.pig.data.SchemaTupleFrontend - Setting key [pig.schematuple.classes] with classes to deserialize []
2016-03-27 00:49:39,304 [main] INFO  org.apache.pig.backend.hadoop.executionengine.mapReduceLayer.MapReduceLauncher - 1 map-reduce job(s) waiting for submission.
2016-03-27 00:49:39,306 [JobControl] INFO  org.apache.hadoop.yarn.client.RMProxy - Connecting to ResourceManager at cmsc491.home/10.0.2.15:8032
2016-03-27 00:49:39,318 [JobControl] INFO  org.apache.hadoop.conf.Configuration.deprecation - fs.default.name is deprecated. Instead, use fs.defaultFS
2016-03-27 00:49:39,337 [JobControl] WARN  org.apache.hadoop.mapreduce.JobResourceUploader - No job jar file set.  User classes may not be found. See Job or Job#setJar(String).
2016-03-27 00:49:39,372 [JobControl] INFO  org.apache.hadoop.mapreduce.lib.input.FileInputFormat - Total input paths to process : 1
2016-03-27 00:49:39,372 [JobControl] INFO  org.apache.pig.backend.hadoop.executionengine.util.MapRedUtil - Total input paths to process : 1
2016-03-27 00:49:39,372 [JobControl] INFO  org.apache.pig.backend.hadoop.executionengine.util.MapRedUtil - Total input paths (combined) to process : 1
2016-03-27 00:49:39,412 [JobControl] INFO  org.apache.hadoop.mapreduce.JobSubmitter - number of splits:1
2016-03-27 00:49:39,445 [JobControl] INFO  org.apache.hadoop.mapreduce.JobSubmitter - Submitting tokens for job: job_1458628915747_0158
2016-03-27 00:49:39,448 [JobControl] INFO  org.apache.hadoop.mapred.YARNRunner - Job jar is not present. Not adding any jar to the list of resources.
2016-03-27 00:49:39,497 [JobControl] INFO  org.apache.hadoop.yarn.client.api.impl.YarnClientImpl - Submitted application application_1458628915747_0158
2016-03-27 00:49:39,499 [JobControl] INFO  org.apache.hadoop.mapreduce.Job - The url to track the job: http://cmsc491.home:8088/proxy/application_1458628915747_0158/
2016-03-27 00:49:39,805 [main] INFO  org.apache.pig.backend.hadoop.executionengine.mapReduceLayer.MapReduceLauncher - HadoopJobId: job_1458628915747_0158
2016-03-27 00:49:39,805 [main] INFO  org.apache.pig.backend.hadoop.executionengine.mapReduceLayer.MapReduceLauncher - Processing aliases final_list_order
2016-03-27 00:49:39,805 [main] INFO  org.apache.pig.backend.hadoop.executionengine.mapReduceLayer.MapReduceLauncher - detailed locations: M: final_list_order[57,19] C:  R: 
2016-03-27 00:49:56,992 [main] INFO  org.apache.pig.backend.hadoop.executionengine.mapReduceLayer.MapReduceLauncher - 91% complete
2016-03-27 00:49:56,992 [main] INFO  org.apache.pig.backend.hadoop.executionengine.mapReduceLayer.MapReduceLauncher - Running jobs are [job_1458628915747_0158]
2016-03-27 00:50:04,021 [main] INFO  org.apache.pig.backend.hadoop.executionengine.mapReduceLayer.MapReduceLauncher - Running jobs are [job_1458628915747_0158]
2016-03-27 00:50:09,554 [main] INFO  org.apache.hadoop.yarn.client.RMProxy - Connecting to ResourceManager at cmsc491.home/10.0.2.15:8032
2016-03-27 00:50:09,561 [main] INFO  org.apache.hadoop.mapred.ClientServiceDelegate - Application state is completed. FinalApplicationStatus=SUCCEEDED. Redirecting to job history server
2016-03-27 00:50:09,620 [main] INFO  org.apache.hadoop.yarn.client.RMProxy - Connecting to ResourceManager at cmsc491.home/10.0.2.15:8032
2016-03-27 00:50:09,623 [main] INFO  org.apache.hadoop.mapred.ClientServiceDelegate - Application state is completed. FinalApplicationStatus=SUCCEEDED. Redirecting to job history server
2016-03-27 00:50:09,666 [main] INFO  org.apache.hadoop.yarn.client.RMProxy - Connecting to ResourceManager at cmsc491.home/10.0.2.15:8032
2016-03-27 00:50:09,670 [main] INFO  org.apache.hadoop.mapred.ClientServiceDelegate - Application state is completed. FinalApplicationStatus=SUCCEEDED. Redirecting to job history server
2016-03-27 00:50:09,704 [main] INFO  org.apache.pig.backend.hadoop.executionengine.mapReduceLayer.MapReduceLauncher - 100% complete
2016-03-27 00:50:09,748 [main] INFO  org.apache.pig.tools.pigstats.mapreduce.SimplePigStats - Script Statistics: 

HadoopVersion	PigVersion	UserId	StartedAt	FinishedAt	Features
2.7.2	0.15.0	tadams2	2016-03-27 00:47:23	2016-03-27 00:50:09	HASH_JOIN,GROUP_BY,ORDER_BY,DISTINCT

Success!

Job Stats (time in seconds):
JobId	Maps	Reduces	MaxMapTime	MinMapTime	AvgMapTime	MedianMapTime	MaxReduceTime	MinReduceTime	AvgReduceTime	MedianReducetime	Alias	Feature	Outputs
job_1458628915747_0153	1	1	6	6	6	6	6	6	6	6	hash_fields,hash_groups,part	GROUP_BY	
job_1458628915747_0154	1	1	3	3	3	3	3	3	3	3	hash_groups,tag_id	DISTINCT	
job_1458628915747_0155	2	1	4	3	4	4	3	3	3	3	hash_groups,join_list,top100	HASH_JOIN	
job_1458628915747_0156	1	1	4	4	4	4	4	4	4	4	final_list	DISTINCT	
job_1458628915747_0157	1	1	4	4	4	4	4	4	4	4	final_list_order	SAMPLER	
job_1458628915747_0158	1	1	4	4	4	4	4	4	4	4	final_list_order	ORDER_BY	hdfs://cmsc491.home:8020/user/tadams2/tophashtags/2016/03/27/00,

Input(s):
Successfully read 1000 records (517900 bytes) from: "/in/tweets/2016/03/27/03"

Output(s):
Successfully stored 299 records (9116 bytes) in: "hdfs://cmsc491.home:8020/user/tadams2/tophashtags/2016/03/27/00"

Counters:
Total records written : 299
Total bytes written : 9116
Spillable Memory Manager spill count : 0
Total bags proactively spilled: 0
Total records proactively spilled: 0

Job DAG:
job_1458628915747_0153	->	job_1458628915747_0154,
job_1458628915747_0154	->	job_1458628915747_0155,
job_1458628915747_0155	->	job_1458628915747_0156,
job_1458628915747_0156	->	job_1458628915747_0157,
job_1458628915747_0157	->	job_1458628915747_0158,
job_1458628915747_0158


2016-03-27 00:50:09,749 [main] INFO  org.apache.hadoop.yarn.client.RMProxy - Connecting to ResourceManager at cmsc491.home/10.0.2.15:8032
2016-03-27 00:50:09,752 [main] INFO  org.apache.hadoop.mapred.ClientServiceDelegate - Application state is completed. FinalApplicationStatus=SUCCEEDED. Redirecting to job history server
2016-03-27 00:50:09,807 [main] INFO  org.apache.hadoop.yarn.client.RMProxy - Connecting to ResourceManager at cmsc491.home/10.0.2.15:8032
2016-03-27 00:50:09,810 [main] INFO  org.apache.hadoop.mapred.ClientServiceDelegate - Application state is completed. FinalApplicationStatus=SUCCEEDED. Redirecting to job history server
2016-03-27 00:50:09,840 [main] INFO  org.apache.hadoop.yarn.client.RMProxy - Connecting to ResourceManager at cmsc491.home/10.0.2.15:8032
2016-03-27 00:50:09,849 [main] INFO  org.apache.hadoop.mapred.ClientServiceDelegate - Application state is completed. FinalApplicationStatus=SUCCEEDED. Redirecting to job history server
2016-03-27 00:50:09,885 [main] INFO  org.apache.hadoop.yarn.client.RMProxy - Connecting to ResourceManager at cmsc491.home/10.0.2.15:8032
2016-03-27 00:50:09,888 [main] INFO  org.apache.hadoop.mapred.ClientServiceDelegate - Application state is completed. FinalApplicationStatus=SUCCEEDED. Redirecting to job history server
2016-03-27 00:50:09,953 [main] INFO  org.apache.hadoop.yarn.client.RMProxy - Connecting to ResourceManager at cmsc491.home/10.0.2.15:8032
2016-03-27 00:50:09,957 [main] INFO  org.apache.hadoop.mapred.ClientServiceDelegate - Application state is completed. FinalApplicationStatus=SUCCEEDED. Redirecting to job history server
2016-03-27 00:50:10,001 [main] INFO  org.apache.hadoop.yarn.client.RMProxy - Connecting to ResourceManager at cmsc491.home/10.0.2.15:8032
2016-03-27 00:50:10,005 [main] INFO  org.apache.hadoop.mapred.ClientServiceDelegate - Application state is completed. FinalApplicationStatus=SUCCEEDED. Redirecting to job history server
2016-03-27 00:50:10,033 [main] INFO  org.apache.hadoop.yarn.client.RMProxy - Connecting to ResourceManager at cmsc491.home/10.0.2.15:8032
2016-03-27 00:50:10,036 [main] INFO  org.apache.hadoop.mapred.ClientServiceDelegate - Application state is completed. FinalApplicationStatus=SUCCEEDED. Redirecting to job history server
2016-03-27 00:50:10,080 [main] INFO  org.apache.hadoop.yarn.client.RMProxy - Connecting to ResourceManager at cmsc491.home/10.0.2.15:8032
2016-03-27 00:50:10,085 [main] INFO  org.apache.hadoop.mapred.ClientServiceDelegate - Application state is completed. FinalApplicationStatus=SUCCEEDED. Redirecting to job history server
2016-03-27 00:50:10,144 [main] INFO  org.apache.hadoop.yarn.client.RMProxy - Connecting to ResourceManager at cmsc491.home/10.0.2.15:8032
2016-03-27 00:50:10,153 [main] INFO  org.apache.hadoop.mapred.ClientServiceDelegate - Application state is completed. FinalApplicationStatus=SUCCEEDED. Redirecting to job history server
2016-03-27 00:50:10,189 [main] INFO  org.apache.hadoop.yarn.client.RMProxy - Connecting to ResourceManager at cmsc491.home/10.0.2.15:8032
2016-03-27 00:50:10,197 [main] INFO  org.apache.hadoop.mapred.ClientServiceDelegate - Application state is completed. FinalApplicationStatus=SUCCEEDED. Redirecting to job history server
2016-03-27 00:50:10,250 [main] INFO  org.apache.hadoop.yarn.client.RMProxy - Connecting to ResourceManager at cmsc491.home/10.0.2.15:8032
2016-03-27 00:50:10,253 [main] INFO  org.apache.hadoop.mapred.ClientServiceDelegate - Application state is completed. FinalApplicationStatus=SUCCEEDED. Redirecting to job history server
2016-03-27 00:50:10,290 [main] INFO  org.apache.hadoop.yarn.client.RMProxy - Connecting to ResourceManager at cmsc491.home/10.0.2.15:8032
2016-03-27 00:50:10,292 [main] INFO  org.apache.hadoop.mapred.ClientServiceDelegate - Application state is completed. FinalApplicationStatus=SUCCEEDED. Redirecting to job history server
2016-03-27 00:50:10,322 [main] INFO  org.apache.hadoop.yarn.client.RMProxy - Connecting to ResourceManager at cmsc491.home/10.0.2.15:8032
2016-03-27 00:50:10,325 [main] INFO  org.apache.hadoop.mapred.ClientServiceDelegate - Application state is completed. FinalApplicationStatus=SUCCEEDED. Redirecting to job history server
2016-03-27 00:50:10,380 [main] INFO  org.apache.hadoop.yarn.client.RMProxy - Connecting to ResourceManager at cmsc491.home/10.0.2.15:8032
2016-03-27 00:50:10,382 [main] INFO  org.apache.hadoop.mapred.ClientServiceDelegate - Application state is completed. FinalApplicationStatus=SUCCEEDED. Redirecting to job history server
2016-03-27 00:50:10,417 [main] INFO  org.apache.hadoop.yarn.client.RMProxy - Connecting to ResourceManager at cmsc491.home/10.0.2.15:8032
2016-03-27 00:50:10,420 [main] INFO  org.apache.hadoop.mapred.ClientServiceDelegate - Application state is completed. FinalApplicationStatus=SUCCEEDED. Redirecting to job history server
2016-03-27 00:50:10,451 [main] INFO  org.apache.hadoop.yarn.client.RMProxy - Connecting to ResourceManager at cmsc491.home/10.0.2.15:8032
2016-03-27 00:50:10,454 [main] INFO  org.apache.hadoop.mapred.ClientServiceDelegate - Application state is completed. FinalApplicationStatus=SUCCEEDED. Redirecting to job history server
2016-03-27 00:50:10,490 [main] INFO  org.apache.hadoop.yarn.client.RMProxy - Connecting to ResourceManager at cmsc491.home/10.0.2.15:8032
2016-03-27 00:50:10,492 [main] INFO  org.apache.hadoop.mapred.ClientServiceDelegate - Application state is completed. FinalApplicationStatus=SUCCEEDED. Redirecting to job history server
2016-03-27 00:50:10,513 [main] INFO  org.apache.hadoop.yarn.client.RMProxy - Connecting to ResourceManager at cmsc491.home/10.0.2.15:8032
2016-03-27 00:50:10,519 [main] INFO  org.apache.hadoop.mapred.ClientServiceDelegate - Application state is completed. FinalApplicationStatus=SUCCEEDED. Redirecting to job history server
2016-03-27 00:50:10,597 [main] INFO  org.apache.pig.backend.hadoop.executionengine.mapReduceLayer.MapReduceLauncher - Success!
2016-03-27 00:50:10,617 [main] INFO  org.apache.pig.Main - Pig script completed in 2 minutes, 53 seconds and 932 milliseconds (173932 ms)
