16/03/27 00:10:01 INFO pig.ExecTypeProvider: Trying ExecType : LOCAL
16/03/27 00:10:01 INFO pig.ExecTypeProvider: Trying ExecType : MAPREDUCE
16/03/27 00:10:01 INFO pig.ExecTypeProvider: Picked MAPREDUCE as the ExecType
2016-03-27 00:10:02,035 [main] INFO  org.apache.pig.Main - Apache Pig version 0.15.0 (r1682971) compiled Jun 01 2015, 11:44:35
2016-03-27 00:10:02,036 [main] INFO  org.apache.pig.Main - Logging error messages to: /home/tadams2/analytics/pig_1459051802034.log
2016-03-27 00:10:02,744 [main] INFO  org.apache.pig.impl.util.Utils - Default bootup file /home/tadams2/.pigbootup not found
2016-03-27 00:10:02,907 [main] INFO  org.apache.hadoop.conf.Configuration.deprecation - mapred.job.tracker is deprecated. Instead, use mapreduce.jobtracker.address
2016-03-27 00:10:02,907 [main] INFO  org.apache.hadoop.conf.Configuration.deprecation - fs.default.name is deprecated. Instead, use fs.defaultFS
2016-03-27 00:10:02,907 [main] INFO  org.apache.pig.backend.hadoop.executionengine.HExecutionEngine - Connecting to hadoop file system at: hdfs://cmsc491.home:8020/
2016-03-27 00:10:03,834 [main] INFO  org.apache.hadoop.conf.Configuration.deprecation - fs.default.name is deprecated. Instead, use fs.defaultFS
part: {created_at: chararray,id: long,text: chararray,source: chararray,retweet_count: int,favorite_count: int,user_id: long,screen_name: chararray,location: chararray,description: chararray,followers_count: int,statuses_count: int,geo_enabled: boolean,lang: chararray,latitude: float,longitude: float,hashtags: {(chararray)},urls: {(chararray)},mentions: {(chararray)}}
2016-03-27 00:10:04,362 [main] INFO  org.apache.hadoop.conf.Configuration.deprecation - fs.default.name is deprecated. Instead, use fs.defaultFS
2016-03-27 00:10:04,381 [main] INFO  org.apache.hadoop.conf.Configuration.deprecation - mapred.textoutputformat.separator is deprecated. Instead, use mapreduce.output.textoutputformat.separator
2016-03-27 00:10:04,410 [main] INFO  org.apache.pig.tools.pigstats.ScriptState - Pig features used in the script: GROUP_BY,ORDER_BY,DISTINCT,LIMIT
2016-03-27 00:10:04,436 [main] INFO  org.apache.hadoop.conf.Configuration.deprecation - fs.default.name is deprecated. Instead, use fs.defaultFS
2016-03-27 00:10:04,441 [main] INFO  org.apache.pig.data.SchemaTupleBackend - Key [pig.schematuple] was not set... will not generate code.
2016-03-27 00:10:04,472 [main] INFO  org.apache.pig.newplan.logical.optimizer.LogicalPlanOptimizer - {RULES_ENABLED=[AddForEach, ColumnMapKeyPrune, ConstantCalculator, GroupByConstParallelSetter, LimitOptimizer, LoadTypeCastInserter, MergeFilter, MergeForEach, PartitionFilterOptimizer, PredicatePushdownOptimizer, PushDownForEachFlatten, PushUpFilter, SplitFilter, StreamTypeCastInserter]}
2016-03-27 00:10:04,596 [main] INFO  org.apache.pig.backend.hadoop.executionengine.mapReduceLayer.MRCompiler - File concatenation threshold: 100 optimistic? false
2016-03-27 00:10:04,653 [main] INFO  org.apache.pig.backend.hadoop.executionengine.mapReduceLayer.SecondaryKeyOptimizerMR - Using Secondary Key Optimization for MapReduce node scope-29
2016-03-27 00:10:04,662 [main] INFO  org.apache.pig.backend.hadoop.executionengine.mapReduceLayer.MultiQueryOptimizer - MR plan size before optimization: 5
2016-03-27 00:10:04,663 [main] INFO  org.apache.pig.backend.hadoop.executionengine.mapReduceLayer.MultiQueryOptimizer - MR plan size after optimization: 5
2016-03-27 00:10:04,687 [main] INFO  org.apache.hadoop.conf.Configuration.deprecation - fs.default.name is deprecated. Instead, use fs.defaultFS
2016-03-27 00:10:04,724 [main] INFO  org.apache.hadoop.yarn.client.RMProxy - Connecting to ResourceManager at cmsc491.home/10.0.2.15:8032
2016-03-27 00:10:04,902 [main] INFO  org.apache.pig.tools.pigstats.mapreduce.MRScriptState - Pig script settings are added to the job
2016-03-27 00:10:04,910 [main] INFO  org.apache.hadoop.conf.Configuration.deprecation - mapred.job.reduce.markreset.buffer.percent is deprecated. Instead, use mapreduce.reduce.markreset.buffer.percent
2016-03-27 00:10:04,911 [main] INFO  org.apache.pig.backend.hadoop.executionengine.mapReduceLayer.JobControlCompiler - mapred.job.reduce.markreset.buffer.percent is not set, set to default 0.3
2016-03-27 00:10:04,911 [main] INFO  org.apache.hadoop.conf.Configuration.deprecation - mapred.output.compress is deprecated. Instead, use mapreduce.output.fileoutputformat.compress
2016-03-27 00:10:04,914 [main] INFO  org.apache.pig.backend.hadoop.executionengine.mapReduceLayer.JobControlCompiler - Reduce phase detected, estimating # of required reducers.
2016-03-27 00:10:04,915 [main] INFO  org.apache.pig.backend.hadoop.executionengine.mapReduceLayer.JobControlCompiler - Using reducer estimator: org.apache.pig.backend.hadoop.executionengine.mapReduceLayer.InputSizeReducerEstimator
2016-03-27 00:10:04,925 [main] INFO  org.apache.pig.backend.hadoop.executionengine.mapReduceLayer.InputSizeReducerEstimator - BytesPerReducer=1000000000 maxReducers=999 totalInputFileSize=342624
2016-03-27 00:10:04,925 [main] INFO  org.apache.pig.backend.hadoop.executionengine.mapReduceLayer.JobControlCompiler - Setting Parallelism to 1
2016-03-27 00:10:04,925 [main] INFO  org.apache.hadoop.conf.Configuration.deprecation - mapred.reduce.tasks is deprecated. Instead, use mapreduce.job.reduces
2016-03-27 00:10:04,925 [main] INFO  org.apache.pig.backend.hadoop.executionengine.mapReduceLayer.JobControlCompiler - This job cannot be converted run in-process
2016-03-27 00:10:05,070 [main] INFO  org.apache.pig.backend.hadoop.executionengine.mapReduceLayer.JobControlCompiler - Added jar file:/opt/pig-0.15.0/pig-0.15.0-core-h2.jar to DistributedCache through /tmp/temp505614092/tmp1771080603/pig-0.15.0-core-h2.jar
2016-03-27 00:10:05,087 [main] INFO  org.apache.pig.backend.hadoop.executionengine.mapReduceLayer.JobControlCompiler - Added jar file:/opt/pig-0.15.0/lib/h2/avro-mapred-1.7.5-hadoop2.jar to DistributedCache through /tmp/temp505614092/tmp-1695080196/avro-mapred-1.7.5-hadoop2.jar
2016-03-27 00:10:05,108 [main] INFO  org.apache.pig.backend.hadoop.executionengine.mapReduceLayer.JobControlCompiler - Added jar file:/opt/hadoop-2.7.2/share/hadoop/common/lib/avro-1.7.4.jar to DistributedCache through /tmp/temp505614092/tmp726609063/avro-1.7.4.jar
2016-03-27 00:10:05,125 [main] INFO  org.apache.pig.backend.hadoop.executionengine.mapReduceLayer.JobControlCompiler - Added jar file:/opt/pig-0.15.0/lib/automaton-1.11-8.jar to DistributedCache through /tmp/temp505614092/tmp774097389/automaton-1.11-8.jar
2016-03-27 00:10:05,141 [main] INFO  org.apache.pig.backend.hadoop.executionengine.mapReduceLayer.JobControlCompiler - Added jar file:/opt/pig-0.15.0/lib/antlr-runtime-3.4.jar to DistributedCache through /tmp/temp505614092/tmp453725555/antlr-runtime-3.4.jar
2016-03-27 00:10:05,155 [main] INFO  org.apache.pig.backend.hadoop.executionengine.mapReduceLayer.JobControlCompiler - Added jar file:/opt/pig-0.15.0/lib/joda-time-2.5.jar to DistributedCache through /tmp/temp505614092/tmp-405618483/joda-time-2.5.jar
2016-03-27 00:10:05,189 [main] INFO  org.apache.pig.backend.hadoop.executionengine.mapReduceLayer.JobControlCompiler - Setting up single store job
2016-03-27 00:10:05,194 [main] INFO  org.apache.pig.data.SchemaTupleFrontend - Key [pig.schematuple] is false, will not generate code.
2016-03-27 00:10:05,194 [main] INFO  org.apache.pig.data.SchemaTupleFrontend - Starting process to move generated code to distributed cacche
2016-03-27 00:10:05,194 [main] INFO  org.apache.pig.data.SchemaTupleFrontend - Setting key [pig.schematuple.classes] with classes to deserialize []
2016-03-27 00:10:05,254 [main] INFO  org.apache.pig.backend.hadoop.executionengine.mapReduceLayer.MapReduceLauncher - 1 map-reduce job(s) waiting for submission.
2016-03-27 00:10:05,255 [main] INFO  org.apache.hadoop.conf.Configuration.deprecation - mapred.job.tracker.http.address is deprecated. Instead, use mapreduce.jobtracker.http.address
2016-03-27 00:10:05,265 [JobControl] INFO  org.apache.hadoop.yarn.client.RMProxy - Connecting to ResourceManager at cmsc491.home/10.0.2.15:8032
2016-03-27 00:10:05,274 [JobControl] INFO  org.apache.hadoop.conf.Configuration.deprecation - fs.default.name is deprecated. Instead, use fs.defaultFS
2016-03-27 00:10:05,435 [JobControl] WARN  org.apache.hadoop.mapreduce.JobResourceUploader - No job jar file set.  User classes may not be found. See Job or Job#setJar(String).
2016-03-27 00:10:05,483 [JobControl] INFO  org.apache.hadoop.mapreduce.lib.input.FileInputFormat - Total input paths to process : 10
2016-03-27 00:10:05,483 [JobControl] INFO  org.apache.pig.backend.hadoop.executionengine.util.MapRedUtil - Total input paths to process : 10
2016-03-27 00:10:05,485 [JobControl] INFO  org.apache.pig.backend.hadoop.executionengine.util.MapRedUtil - Total input paths (combined) to process : 1
2016-03-27 00:10:05,538 [JobControl] INFO  org.apache.hadoop.mapreduce.JobSubmitter - number of splits:1
2016-03-27 00:10:05,749 [JobControl] INFO  org.apache.hadoop.mapreduce.JobSubmitter - Submitting tokens for job: job_1458628915747_0136
2016-03-27 00:10:05,874 [JobControl] INFO  org.apache.hadoop.mapred.YARNRunner - Job jar is not present. Not adding any jar to the list of resources.
2016-03-27 00:10:05,960 [JobControl] INFO  org.apache.hadoop.yarn.client.api.impl.YarnClientImpl - Submitted application application_1458628915747_0136
2016-03-27 00:10:05,997 [JobControl] INFO  org.apache.hadoop.mapreduce.Job - The url to track the job: http://cmsc491.home:8088/proxy/application_1458628915747_0136/
2016-03-27 00:10:05,997 [main] INFO  org.apache.pig.backend.hadoop.executionengine.mapReduceLayer.MapReduceLauncher - HadoopJobId: job_1458628915747_0136
2016-03-27 00:10:05,997 [main] INFO  org.apache.pig.backend.hadoop.executionengine.mapReduceLayer.MapReduceLauncher - Processing aliases part,user_groups,user_groups_cnt
2016-03-27 00:10:05,997 [main] INFO  org.apache.pig.backend.hadoop.executionengine.mapReduceLayer.MapReduceLauncher - detailed locations: M: part[1,7],user_groups[27,14] C:  R: user_groups_cnt[29,18]
2016-03-27 00:10:06,003 [main] INFO  org.apache.pig.backend.hadoop.executionengine.mapReduceLayer.MapReduceLauncher - 0% complete
2016-03-27 00:10:06,003 [main] INFO  org.apache.pig.backend.hadoop.executionengine.mapReduceLayer.MapReduceLauncher - Running jobs are [job_1458628915747_0136]
2016-03-27 00:10:18,084 [main] INFO  org.apache.pig.backend.hadoop.executionengine.mapReduceLayer.MapReduceLauncher - 10% complete
2016-03-27 00:10:18,084 [main] INFO  org.apache.pig.backend.hadoop.executionengine.mapReduceLayer.MapReduceLauncher - Running jobs are [job_1458628915747_0136]
2016-03-27 00:10:23,093 [main] INFO  org.apache.pig.backend.hadoop.executionengine.mapReduceLayer.MapReduceLauncher - 20% complete
2016-03-27 00:10:23,093 [main] INFO  org.apache.pig.backend.hadoop.executionengine.mapReduceLayer.MapReduceLauncher - Running jobs are [job_1458628915747_0136]
2016-03-27 00:10:26,104 [main] INFO  org.apache.hadoop.yarn.client.RMProxy - Connecting to ResourceManager at cmsc491.home/10.0.2.15:8032
2016-03-27 00:10:26,111 [main] INFO  org.apache.hadoop.mapred.ClientServiceDelegate - Application state is completed. FinalApplicationStatus=SUCCEEDED. Redirecting to job history server
2016-03-27 00:10:26,251 [main] INFO  org.apache.hadoop.yarn.client.RMProxy - Connecting to ResourceManager at cmsc491.home/10.0.2.15:8032
2016-03-27 00:10:26,256 [main] INFO  org.apache.hadoop.mapred.ClientServiceDelegate - Application state is completed. FinalApplicationStatus=SUCCEEDED. Redirecting to job history server
2016-03-27 00:10:26,302 [main] INFO  org.apache.hadoop.yarn.client.RMProxy - Connecting to ResourceManager at cmsc491.home/10.0.2.15:8032
2016-03-27 00:10:26,306 [main] INFO  org.apache.hadoop.mapred.ClientServiceDelegate - Application state is completed. FinalApplicationStatus=SUCCEEDED. Redirecting to job history server
2016-03-27 00:10:26,363 [main] INFO  org.apache.pig.tools.pigstats.mapreduce.MRScriptState - Pig script settings are added to the job
2016-03-27 00:10:26,364 [main] INFO  org.apache.pig.backend.hadoop.executionengine.mapReduceLayer.JobControlCompiler - mapred.job.reduce.markreset.buffer.percent is not set, set to default 0.3
2016-03-27 00:10:26,365 [main] INFO  org.apache.pig.backend.hadoop.executionengine.mapReduceLayer.JobControlCompiler - Reduce phase detected, estimating # of required reducers.
2016-03-27 00:10:26,365 [main] INFO  org.apache.pig.backend.hadoop.executionengine.mapReduceLayer.JobControlCompiler - Using reducer estimator: org.apache.pig.backend.hadoop.executionengine.mapReduceLayer.InputSizeReducerEstimator
2016-03-27 00:10:26,373 [main] INFO  org.apache.pig.backend.hadoop.executionengine.mapReduceLayer.InputSizeReducerEstimator - BytesPerReducer=1000000000 maxReducers=999 totalInputFileSize=26341
2016-03-27 00:10:26,373 [main] INFO  org.apache.pig.backend.hadoop.executionengine.mapReduceLayer.JobControlCompiler - Setting Parallelism to 1
2016-03-27 00:10:26,373 [main] INFO  org.apache.pig.backend.hadoop.executionengine.mapReduceLayer.JobControlCompiler - This job cannot be converted run in-process
2016-03-27 00:10:26,460 [main] INFO  org.apache.pig.backend.hadoop.executionengine.mapReduceLayer.JobControlCompiler - Added jar file:/opt/pig-0.15.0/pig-0.15.0-core-h2.jar to DistributedCache through /tmp/temp505614092/tmp-1316650249/pig-0.15.0-core-h2.jar
2016-03-27 00:10:26,473 [main] INFO  org.apache.pig.backend.hadoop.executionengine.mapReduceLayer.JobControlCompiler - Added jar file:/opt/pig-0.15.0/lib/automaton-1.11-8.jar to DistributedCache through /tmp/temp505614092/tmp1847696090/automaton-1.11-8.jar
2016-03-27 00:10:26,489 [main] INFO  org.apache.pig.backend.hadoop.executionengine.mapReduceLayer.JobControlCompiler - Added jar file:/opt/pig-0.15.0/lib/antlr-runtime-3.4.jar to DistributedCache through /tmp/temp505614092/tmp608388306/antlr-runtime-3.4.jar
2016-03-27 00:10:26,504 [main] INFO  org.apache.pig.backend.hadoop.executionengine.mapReduceLayer.JobControlCompiler - Added jar file:/opt/pig-0.15.0/lib/joda-time-2.5.jar to DistributedCache through /tmp/temp505614092/tmp-1024466728/joda-time-2.5.jar
2016-03-27 00:10:26,512 [main] INFO  org.apache.pig.backend.hadoop.executionengine.mapReduceLayer.JobControlCompiler - Setting up single store job
2016-03-27 00:10:26,512 [main] INFO  org.apache.pig.data.SchemaTupleFrontend - Key [pig.schematuple] is false, will not generate code.
2016-03-27 00:10:26,513 [main] INFO  org.apache.pig.data.SchemaTupleFrontend - Starting process to move generated code to distributed cacche
2016-03-27 00:10:26,513 [main] INFO  org.apache.pig.data.SchemaTupleFrontend - Setting key [pig.schematuple.classes] with classes to deserialize []
2016-03-27 00:10:26,513 [main] INFO  org.apache.pig.backend.hadoop.executionengine.mapReduceLayer.JobControlCompiler - Setting identity combiner class.
2016-03-27 00:10:26,529 [main] INFO  org.apache.pig.backend.hadoop.executionengine.mapReduceLayer.MapReduceLauncher - 1 map-reduce job(s) waiting for submission.
2016-03-27 00:10:26,531 [JobControl] INFO  org.apache.hadoop.yarn.client.RMProxy - Connecting to ResourceManager at cmsc491.home/10.0.2.15:8032
2016-03-27 00:10:26,536 [JobControl] INFO  org.apache.hadoop.conf.Configuration.deprecation - fs.default.name is deprecated. Instead, use fs.defaultFS
2016-03-27 00:10:26,547 [JobControl] WARN  org.apache.hadoop.mapreduce.JobResourceUploader - No job jar file set.  User classes may not be found. See Job or Job#setJar(String).
2016-03-27 00:10:26,576 [JobControl] INFO  org.apache.hadoop.mapreduce.lib.input.FileInputFormat - Total input paths to process : 1
2016-03-27 00:10:26,576 [JobControl] INFO  org.apache.pig.backend.hadoop.executionengine.util.MapRedUtil - Total input paths to process : 1
2016-03-27 00:10:26,576 [JobControl] INFO  org.apache.pig.backend.hadoop.executionengine.util.MapRedUtil - Total input paths (combined) to process : 1
2016-03-27 00:10:26,602 [JobControl] INFO  org.apache.hadoop.mapreduce.JobSubmitter - number of splits:1
2016-03-27 00:10:26,643 [JobControl] INFO  org.apache.hadoop.mapreduce.JobSubmitter - Submitting tokens for job: job_1458628915747_0137
2016-03-27 00:10:26,646 [JobControl] INFO  org.apache.hadoop.mapred.YARNRunner - Job jar is not present. Not adding any jar to the list of resources.
2016-03-27 00:10:26,673 [JobControl] INFO  org.apache.hadoop.yarn.client.api.impl.YarnClientImpl - Submitted application application_1458628915747_0137
2016-03-27 00:10:26,676 [JobControl] INFO  org.apache.hadoop.mapreduce.Job - The url to track the job: http://cmsc491.home:8088/proxy/application_1458628915747_0137/
2016-03-27 00:10:27,030 [main] INFO  org.apache.pig.backend.hadoop.executionengine.mapReduceLayer.MapReduceLauncher - HadoopJobId: job_1458628915747_0137
2016-03-27 00:10:27,030 [main] INFO  org.apache.pig.backend.hadoop.executionengine.mapReduceLayer.MapReduceLauncher - Processing aliases 
2016-03-27 00:10:27,030 [main] INFO  org.apache.pig.backend.hadoop.executionengine.mapReduceLayer.MapReduceLauncher - detailed locations: M:  C:  R: 
2016-03-27 00:10:41,101 [main] INFO  org.apache.pig.backend.hadoop.executionengine.mapReduceLayer.MapReduceLauncher - 30% complete
2016-03-27 00:10:41,101 [main] INFO  org.apache.pig.backend.hadoop.executionengine.mapReduceLayer.MapReduceLauncher - Running jobs are [job_1458628915747_0137]
2016-03-27 00:10:46,112 [main] INFO  org.apache.pig.backend.hadoop.executionengine.mapReduceLayer.MapReduceLauncher - 40% complete
2016-03-27 00:10:46,112 [main] INFO  org.apache.pig.backend.hadoop.executionengine.mapReduceLayer.MapReduceLauncher - Running jobs are [job_1458628915747_0137]
2016-03-27 00:10:52,126 [main] INFO  org.apache.hadoop.yarn.client.RMProxy - Connecting to ResourceManager at cmsc491.home/10.0.2.15:8032
2016-03-27 00:10:52,131 [main] INFO  org.apache.hadoop.mapred.ClientServiceDelegate - Application state is completed. FinalApplicationStatus=SUCCEEDED. Redirecting to job history server
2016-03-27 00:10:52,187 [main] INFO  org.apache.hadoop.yarn.client.RMProxy - Connecting to ResourceManager at cmsc491.home/10.0.2.15:8032
2016-03-27 00:10:52,192 [main] INFO  org.apache.hadoop.mapred.ClientServiceDelegate - Application state is completed. FinalApplicationStatus=SUCCEEDED. Redirecting to job history server
2016-03-27 00:10:52,258 [main] INFO  org.apache.hadoop.yarn.client.RMProxy - Connecting to ResourceManager at cmsc491.home/10.0.2.15:8032
2016-03-27 00:10:52,263 [main] INFO  org.apache.hadoop.mapred.ClientServiceDelegate - Application state is completed. FinalApplicationStatus=SUCCEEDED. Redirecting to job history server
2016-03-27 00:10:52,300 [main] INFO  org.apache.pig.tools.pigstats.mapreduce.MRScriptState - Pig script settings are added to the job
2016-03-27 00:10:52,300 [main] INFO  org.apache.pig.backend.hadoop.executionengine.mapReduceLayer.JobControlCompiler - mapred.job.reduce.markreset.buffer.percent is not set, set to default 0.3
2016-03-27 00:10:52,302 [main] INFO  org.apache.pig.backend.hadoop.executionengine.mapReduceLayer.JobControlCompiler - Reduce phase detected, estimating # of required reducers.
2016-03-27 00:10:52,302 [main] INFO  org.apache.pig.backend.hadoop.executionengine.mapReduceLayer.JobControlCompiler - Using reducer estimator: org.apache.pig.backend.hadoop.executionengine.mapReduceLayer.InputSizeReducerEstimator
2016-03-27 00:10:52,314 [main] INFO  org.apache.pig.backend.hadoop.executionengine.mapReduceLayer.InputSizeReducerEstimator - BytesPerReducer=1000000000 maxReducers=999 totalInputFileSize=22305
2016-03-27 00:10:52,317 [main] INFO  org.apache.pig.backend.hadoop.executionengine.mapReduceLayer.JobControlCompiler - Setting Parallelism to 1
2016-03-27 00:10:52,317 [main] INFO  org.apache.pig.backend.hadoop.executionengine.mapReduceLayer.JobControlCompiler - This job cannot be converted run in-process
2016-03-27 00:10:52,374 [main] INFO  org.apache.pig.backend.hadoop.executionengine.mapReduceLayer.JobControlCompiler - Added jar file:/opt/pig-0.15.0/pig-0.15.0-core-h2.jar to DistributedCache through /tmp/temp505614092/tmp1937576542/pig-0.15.0-core-h2.jar
2016-03-27 00:10:52,395 [main] INFO  org.apache.pig.backend.hadoop.executionengine.mapReduceLayer.JobControlCompiler - Added jar file:/opt/pig-0.15.0/lib/automaton-1.11-8.jar to DistributedCache through /tmp/temp505614092/tmp-298921036/automaton-1.11-8.jar
2016-03-27 00:10:52,413 [main] INFO  org.apache.pig.backend.hadoop.executionengine.mapReduceLayer.JobControlCompiler - Added jar file:/opt/pig-0.15.0/lib/antlr-runtime-3.4.jar to DistributedCache through /tmp/temp505614092/tmp-1429583994/antlr-runtime-3.4.jar
2016-03-27 00:10:52,436 [main] INFO  org.apache.pig.backend.hadoop.executionengine.mapReduceLayer.JobControlCompiler - Added jar file:/opt/pig-0.15.0/lib/joda-time-2.5.jar to DistributedCache through /tmp/temp505614092/tmp-2048706203/joda-time-2.5.jar
2016-03-27 00:10:52,444 [main] INFO  org.apache.pig.backend.hadoop.executionengine.mapReduceLayer.JobControlCompiler - Setting up single store job
2016-03-27 00:10:52,445 [main] INFO  org.apache.pig.data.SchemaTupleFrontend - Key [pig.schematuple] is false, will not generate code.
2016-03-27 00:10:52,445 [main] INFO  org.apache.pig.data.SchemaTupleFrontend - Starting process to move generated code to distributed cacche
2016-03-27 00:10:52,445 [main] INFO  org.apache.pig.data.SchemaTupleFrontend - Setting key [pig.schematuple.classes] with classes to deserialize []
2016-03-27 00:10:52,480 [main] INFO  org.apache.pig.backend.hadoop.executionengine.mapReduceLayer.MapReduceLauncher - 1 map-reduce job(s) waiting for submission.
2016-03-27 00:10:52,491 [JobControl] INFO  org.apache.hadoop.yarn.client.RMProxy - Connecting to ResourceManager at cmsc491.home/10.0.2.15:8032
2016-03-27 00:10:52,498 [JobControl] INFO  org.apache.hadoop.conf.Configuration.deprecation - fs.default.name is deprecated. Instead, use fs.defaultFS
2016-03-27 00:10:52,513 [JobControl] WARN  org.apache.hadoop.mapreduce.JobResourceUploader - No job jar file set.  User classes may not be found. See Job or Job#setJar(String).
2016-03-27 00:10:52,552 [JobControl] INFO  org.apache.hadoop.mapreduce.lib.input.FileInputFormat - Total input paths to process : 1
2016-03-27 00:10:52,552 [JobControl] INFO  org.apache.pig.backend.hadoop.executionengine.util.MapRedUtil - Total input paths to process : 1
2016-03-27 00:10:52,552 [JobControl] INFO  org.apache.pig.backend.hadoop.executionengine.util.MapRedUtil - Total input paths (combined) to process : 1
2016-03-27 00:10:52,589 [JobControl] INFO  org.apache.hadoop.mapreduce.JobSubmitter - number of splits:1
2016-03-27 00:10:52,630 [JobControl] INFO  org.apache.hadoop.mapreduce.JobSubmitter - Submitting tokens for job: job_1458628915747_0138
2016-03-27 00:10:52,635 [JobControl] INFO  org.apache.hadoop.mapred.YARNRunner - Job jar is not present. Not adding any jar to the list of resources.
2016-03-27 00:10:52,679 [JobControl] INFO  org.apache.hadoop.yarn.client.api.impl.YarnClientImpl - Submitted application application_1458628915747_0138
2016-03-27 00:10:52,684 [JobControl] INFO  org.apache.hadoop.mapreduce.Job - The url to track the job: http://cmsc491.home:8088/proxy/application_1458628915747_0138/
2016-03-27 00:10:52,983 [main] INFO  org.apache.pig.backend.hadoop.executionengine.mapReduceLayer.MapReduceLauncher - HadoopJobId: job_1458628915747_0138
2016-03-27 00:10:52,983 [main] INFO  org.apache.pig.backend.hadoop.executionengine.mapReduceLayer.MapReduceLauncher - Processing aliases order_groups
2016-03-27 00:10:52,983 [main] INFO  org.apache.pig.backend.hadoop.executionengine.mapReduceLayer.MapReduceLauncher - detailed locations: M: order_groups[38,15] C:  R: 
2016-03-27 00:11:05,081 [main] INFO  org.apache.pig.backend.hadoop.executionengine.mapReduceLayer.MapReduceLauncher - 50% complete
2016-03-27 00:11:05,081 [main] INFO  org.apache.pig.backend.hadoop.executionengine.mapReduceLayer.MapReduceLauncher - Running jobs are [job_1458628915747_0138]
2016-03-27 00:11:12,096 [main] INFO  org.apache.pig.backend.hadoop.executionengine.mapReduceLayer.MapReduceLauncher - 60% complete
2016-03-27 00:11:12,096 [main] INFO  org.apache.pig.backend.hadoop.executionengine.mapReduceLayer.MapReduceLauncher - Running jobs are [job_1458628915747_0138]
2016-03-27 00:11:13,099 [main] INFO  org.apache.hadoop.yarn.client.RMProxy - Connecting to ResourceManager at cmsc491.home/10.0.2.15:8032
2016-03-27 00:11:13,104 [main] INFO  org.apache.hadoop.mapred.ClientServiceDelegate - Application state is completed. FinalApplicationStatus=SUCCEEDED. Redirecting to job history server
2016-03-27 00:11:13,165 [main] INFO  org.apache.hadoop.yarn.client.RMProxy - Connecting to ResourceManager at cmsc491.home/10.0.2.15:8032
2016-03-27 00:11:13,168 [main] INFO  org.apache.hadoop.mapred.ClientServiceDelegate - Application state is completed. FinalApplicationStatus=SUCCEEDED. Redirecting to job history server
2016-03-27 00:11:13,197 [main] INFO  org.apache.hadoop.yarn.client.RMProxy - Connecting to ResourceManager at cmsc491.home/10.0.2.15:8032
2016-03-27 00:11:13,202 [main] INFO  org.apache.hadoop.mapred.ClientServiceDelegate - Application state is completed. FinalApplicationStatus=SUCCEEDED. Redirecting to job history server
2016-03-27 00:11:13,227 [main] INFO  org.apache.pig.tools.pigstats.mapreduce.MRScriptState - Pig script settings are added to the job
2016-03-27 00:11:13,227 [main] INFO  org.apache.pig.backend.hadoop.executionengine.mapReduceLayer.JobControlCompiler - mapred.job.reduce.markreset.buffer.percent is not set, set to default 0.3
2016-03-27 00:11:13,227 [main] INFO  org.apache.pig.backend.hadoop.executionengine.mapReduceLayer.JobControlCompiler - Reduce phase detected, estimating # of required reducers.
2016-03-27 00:11:13,227 [main] INFO  org.apache.pig.backend.hadoop.executionengine.mapReduceLayer.JobControlCompiler - Setting Parallelism to 1
2016-03-27 00:11:13,228 [main] INFO  org.apache.pig.backend.hadoop.executionengine.mapReduceLayer.JobControlCompiler - This job cannot be converted run in-process
2016-03-27 00:11:13,261 [main] INFO  org.apache.pig.backend.hadoop.executionengine.mapReduceLayer.JobControlCompiler - Added jar file:/opt/pig-0.15.0/pig-0.15.0-core-h2.jar to DistributedCache through /tmp/temp505614092/tmp1800933057/pig-0.15.0-core-h2.jar
2016-03-27 00:11:13,287 [main] INFO  org.apache.pig.backend.hadoop.executionengine.mapReduceLayer.JobControlCompiler - Added jar file:/opt/pig-0.15.0/lib/automaton-1.11-8.jar to DistributedCache through /tmp/temp505614092/tmp-2015401527/automaton-1.11-8.jar
2016-03-27 00:11:13,304 [main] INFO  org.apache.pig.backend.hadoop.executionengine.mapReduceLayer.JobControlCompiler - Added jar file:/opt/pig-0.15.0/lib/antlr-runtime-3.4.jar to DistributedCache through /tmp/temp505614092/tmp-1154346343/antlr-runtime-3.4.jar
2016-03-27 00:11:13,322 [main] INFO  org.apache.pig.backend.hadoop.executionengine.mapReduceLayer.JobControlCompiler - Added jar file:/opt/pig-0.15.0/lib/joda-time-2.5.jar to DistributedCache through /tmp/temp505614092/tmp1492057938/joda-time-2.5.jar
2016-03-27 00:11:13,330 [main] INFO  org.apache.pig.backend.hadoop.executionengine.mapReduceLayer.JobControlCompiler - Setting up single store job
2016-03-27 00:11:13,331 [main] INFO  org.apache.pig.data.SchemaTupleFrontend - Key [pig.schematuple] is false, will not generate code.
2016-03-27 00:11:13,331 [main] INFO  org.apache.pig.data.SchemaTupleFrontend - Starting process to move generated code to distributed cacche
2016-03-27 00:11:13,331 [main] INFO  org.apache.pig.data.SchemaTupleFrontend - Setting key [pig.schematuple.classes] with classes to deserialize []
2016-03-27 00:11:13,355 [main] INFO  org.apache.pig.backend.hadoop.executionengine.mapReduceLayer.MapReduceLauncher - 1 map-reduce job(s) waiting for submission.
2016-03-27 00:11:13,357 [JobControl] INFO  org.apache.hadoop.yarn.client.RMProxy - Connecting to ResourceManager at cmsc491.home/10.0.2.15:8032
2016-03-27 00:11:13,375 [JobControl] INFO  org.apache.hadoop.conf.Configuration.deprecation - fs.default.name is deprecated. Instead, use fs.defaultFS
2016-03-27 00:11:13,387 [JobControl] WARN  org.apache.hadoop.mapreduce.JobResourceUploader - No job jar file set.  User classes may not be found. See Job or Job#setJar(String).
2016-03-27 00:11:13,410 [JobControl] INFO  org.apache.hadoop.mapreduce.lib.input.FileInputFormat - Total input paths to process : 1
2016-03-27 00:11:13,410 [JobControl] INFO  org.apache.pig.backend.hadoop.executionengine.util.MapRedUtil - Total input paths to process : 1
2016-03-27 00:11:13,410 [JobControl] INFO  org.apache.pig.backend.hadoop.executionengine.util.MapRedUtil - Total input paths (combined) to process : 1
2016-03-27 00:11:13,438 [JobControl] INFO  org.apache.hadoop.mapreduce.JobSubmitter - number of splits:1
2016-03-27 00:11:13,463 [JobControl] INFO  org.apache.hadoop.mapreduce.JobSubmitter - Submitting tokens for job: job_1458628915747_0140
2016-03-27 00:11:13,469 [JobControl] INFO  org.apache.hadoop.mapred.YARNRunner - Job jar is not present. Not adding any jar to the list of resources.
2016-03-27 00:11:13,507 [JobControl] INFO  org.apache.hadoop.yarn.client.api.impl.YarnClientImpl - Submitted application application_1458628915747_0140
2016-03-27 00:11:13,509 [JobControl] INFO  org.apache.hadoop.mapreduce.Job - The url to track the job: http://cmsc491.home:8088/proxy/application_1458628915747_0140/
2016-03-27 00:11:13,857 [main] INFO  org.apache.pig.backend.hadoop.executionengine.mapReduceLayer.MapReduceLauncher - HadoopJobId: job_1458628915747_0140
2016-03-27 00:11:13,857 [main] INFO  org.apache.pig.backend.hadoop.executionengine.mapReduceLayer.MapReduceLauncher - Processing aliases order_groups
2016-03-27 00:11:13,857 [main] INFO  org.apache.pig.backend.hadoop.executionengine.mapReduceLayer.MapReduceLauncher - detailed locations: M: order_groups[38,15] C:  R: 
2016-03-27 00:11:51,001 [main] INFO  org.apache.pig.backend.hadoop.executionengine.mapReduceLayer.MapReduceLauncher - 70% complete
2016-03-27 00:11:51,001 [main] INFO  org.apache.pig.backend.hadoop.executionengine.mapReduceLayer.MapReduceLauncher - Running jobs are [job_1458628915747_0140]
2016-03-27 00:11:56,031 [main] INFO  org.apache.pig.backend.hadoop.executionengine.mapReduceLayer.MapReduceLauncher - 80% complete
2016-03-27 00:11:56,031 [main] INFO  org.apache.pig.backend.hadoop.executionengine.mapReduceLayer.MapReduceLauncher - Running jobs are [job_1458628915747_0140]
2016-03-27 00:11:58,543 [main] INFO  org.apache.hadoop.yarn.client.RMProxy - Connecting to ResourceManager at cmsc491.home/10.0.2.15:8032
2016-03-27 00:11:58,548 [main] INFO  org.apache.hadoop.mapred.ClientServiceDelegate - Application state is completed. FinalApplicationStatus=SUCCEEDED. Redirecting to job history server
2016-03-27 00:11:58,602 [main] INFO  org.apache.hadoop.yarn.client.RMProxy - Connecting to ResourceManager at cmsc491.home/10.0.2.15:8032
2016-03-27 00:11:58,607 [main] INFO  org.apache.hadoop.mapred.ClientServiceDelegate - Application state is completed. FinalApplicationStatus=SUCCEEDED. Redirecting to job history server
2016-03-27 00:11:58,628 [main] INFO  org.apache.hadoop.yarn.client.RMProxy - Connecting to ResourceManager at cmsc491.home/10.0.2.15:8032
2016-03-27 00:11:58,634 [main] INFO  org.apache.hadoop.mapred.ClientServiceDelegate - Application state is completed. FinalApplicationStatus=SUCCEEDED. Redirecting to job history server
2016-03-27 00:11:58,656 [main] INFO  org.apache.pig.tools.pigstats.mapreduce.MRScriptState - Pig script settings are added to the job
2016-03-27 00:11:58,656 [main] INFO  org.apache.pig.backend.hadoop.executionengine.mapReduceLayer.JobControlCompiler - mapred.job.reduce.markreset.buffer.percent is not set, set to default 0.3
2016-03-27 00:11:58,656 [main] INFO  org.apache.pig.backend.hadoop.executionengine.mapReduceLayer.JobControlCompiler - Reduce phase detected, estimating # of required reducers.
2016-03-27 00:11:58,656 [main] INFO  org.apache.pig.backend.hadoop.executionengine.mapReduceLayer.JobControlCompiler - Setting Parallelism to 1
2016-03-27 00:11:58,656 [main] INFO  org.apache.pig.backend.hadoop.executionengine.mapReduceLayer.JobControlCompiler - This job cannot be converted run in-process
2016-03-27 00:11:58,688 [main] INFO  org.apache.pig.backend.hadoop.executionengine.mapReduceLayer.JobControlCompiler - Added jar file:/opt/pig-0.15.0/pig-0.15.0-core-h2.jar to DistributedCache through /tmp/temp505614092/tmp422504614/pig-0.15.0-core-h2.jar
2016-03-27 00:11:58,699 [main] INFO  org.apache.pig.backend.hadoop.executionengine.mapReduceLayer.JobControlCompiler - Added jar file:/opt/pig-0.15.0/lib/automaton-1.11-8.jar to DistributedCache through /tmp/temp505614092/tmp-1788529223/automaton-1.11-8.jar
2016-03-27 00:11:58,713 [main] INFO  org.apache.pig.backend.hadoop.executionengine.mapReduceLayer.JobControlCompiler - Added jar file:/opt/pig-0.15.0/lib/antlr-runtime-3.4.jar to DistributedCache through /tmp/temp505614092/tmp-1490978585/antlr-runtime-3.4.jar
2016-03-27 00:11:58,734 [main] INFO  org.apache.pig.backend.hadoop.executionengine.mapReduceLayer.JobControlCompiler - Added jar file:/opt/pig-0.15.0/lib/joda-time-2.5.jar to DistributedCache through /tmp/temp505614092/tmp-1840205546/joda-time-2.5.jar
2016-03-27 00:11:58,738 [main] INFO  org.apache.pig.backend.hadoop.executionengine.mapReduceLayer.JobControlCompiler - Setting up single store job
2016-03-27 00:11:58,739 [main] INFO  org.apache.pig.data.SchemaTupleFrontend - Key [pig.schematuple] is false, will not generate code.
2016-03-27 00:11:58,739 [main] INFO  org.apache.pig.data.SchemaTupleFrontend - Starting process to move generated code to distributed cacche
2016-03-27 00:11:58,739 [main] INFO  org.apache.pig.data.SchemaTupleFrontend - Setting key [pig.schematuple.classes] with classes to deserialize []
2016-03-27 00:11:58,749 [main] INFO  org.apache.pig.backend.hadoop.executionengine.mapReduceLayer.MapReduceLauncher - 1 map-reduce job(s) waiting for submission.
2016-03-27 00:11:58,751 [JobControl] INFO  org.apache.hadoop.yarn.client.RMProxy - Connecting to ResourceManager at cmsc491.home/10.0.2.15:8032
2016-03-27 00:11:58,755 [JobControl] INFO  org.apache.hadoop.conf.Configuration.deprecation - fs.default.name is deprecated. Instead, use fs.defaultFS
2016-03-27 00:11:58,764 [JobControl] WARN  org.apache.hadoop.mapreduce.JobResourceUploader - No job jar file set.  User classes may not be found. See Job or Job#setJar(String).
2016-03-27 00:11:58,787 [JobControl] INFO  org.apache.hadoop.mapreduce.lib.input.FileInputFormat - Total input paths to process : 1
2016-03-27 00:11:58,787 [JobControl] INFO  org.apache.pig.backend.hadoop.executionengine.util.MapRedUtil - Total input paths to process : 1
2016-03-27 00:11:58,787 [JobControl] INFO  org.apache.pig.backend.hadoop.executionengine.util.MapRedUtil - Total input paths (combined) to process : 1
2016-03-27 00:11:58,813 [JobControl] INFO  org.apache.hadoop.mapreduce.JobSubmitter - number of splits:1
2016-03-27 00:11:58,864 [JobControl] INFO  org.apache.hadoop.mapreduce.JobSubmitter - Submitting tokens for job: job_1458628915747_0142
2016-03-27 00:11:58,868 [JobControl] INFO  org.apache.hadoop.mapred.YARNRunner - Job jar is not present. Not adding any jar to the list of resources.
2016-03-27 00:11:58,892 [JobControl] INFO  org.apache.hadoop.yarn.client.api.impl.YarnClientImpl - Submitted application application_1458628915747_0142
2016-03-27 00:11:58,896 [JobControl] INFO  org.apache.hadoop.mapreduce.Job - The url to track the job: http://cmsc491.home:8088/proxy/application_1458628915747_0142/
2016-03-27 00:11:59,251 [main] INFO  org.apache.pig.backend.hadoop.executionengine.mapReduceLayer.MapReduceLauncher - HadoopJobId: job_1458628915747_0142
2016-03-27 00:11:59,251 [main] INFO  org.apache.pig.backend.hadoop.executionengine.mapReduceLayer.MapReduceLauncher - Processing aliases order_groups
2016-03-27 00:11:59,251 [main] INFO  org.apache.pig.backend.hadoop.executionengine.mapReduceLayer.MapReduceLauncher - detailed locations: M: order_groups[38,15] C:  R: 
2016-03-27 00:12:36,380 [main] INFO  org.apache.pig.backend.hadoop.executionengine.mapReduceLayer.MapReduceLauncher - 90% complete
2016-03-27 00:12:36,380 [main] INFO  org.apache.pig.backend.hadoop.executionengine.mapReduceLayer.MapReduceLauncher - Running jobs are [job_1458628915747_0142]
2016-03-27 00:12:43,399 [main] INFO  org.apache.pig.backend.hadoop.executionengine.mapReduceLayer.MapReduceLauncher - Running jobs are [job_1458628915747_0142]
2016-03-27 00:12:44,402 [main] INFO  org.apache.hadoop.yarn.client.RMProxy - Connecting to ResourceManager at cmsc491.home/10.0.2.15:8032
2016-03-27 00:12:44,406 [main] INFO  org.apache.hadoop.mapred.ClientServiceDelegate - Application state is completed. FinalApplicationStatus=SUCCEEDED. Redirecting to job history server
2016-03-27 00:12:44,463 [main] INFO  org.apache.hadoop.yarn.client.RMProxy - Connecting to ResourceManager at cmsc491.home/10.0.2.15:8032
2016-03-27 00:12:44,467 [main] INFO  org.apache.hadoop.mapred.ClientServiceDelegate - Application state is completed. FinalApplicationStatus=SUCCEEDED. Redirecting to job history server
2016-03-27 00:12:44,506 [main] INFO  org.apache.hadoop.yarn.client.RMProxy - Connecting to ResourceManager at cmsc491.home/10.0.2.15:8032
2016-03-27 00:12:44,510 [main] INFO  org.apache.hadoop.mapred.ClientServiceDelegate - Application state is completed. FinalApplicationStatus=SUCCEEDED. Redirecting to job history server
2016-03-27 00:12:44,542 [main] INFO  org.apache.pig.backend.hadoop.executionengine.mapReduceLayer.MapReduceLauncher - 100% complete
2016-03-27 00:12:44,567 [main] INFO  org.apache.pig.tools.pigstats.mapreduce.SimplePigStats - Script Statistics: 

HadoopVersion	PigVersion	UserId	StartedAt	FinishedAt	Features
2.7.2	0.15.0	tadams2	2016-03-27 00:10:04	2016-03-27 00:12:44	GROUP_BY,ORDER_BY,DISTINCT,LIMIT

Success!

Job Stats (time in seconds):
JobId	Maps	Reduces	MaxMapTime	MinMapTime	AvgMapTime	MedianMapTime	MaxReduceTime	MinReduceTime	AvgReduceTime	MedianReducetime	Alias	Feature	Outputs
job_1458628915747_0136	1	1	3	3	3	3	3	3	3	3	part,user_groups,user_groups_cnt	GROUP_BY	
job_1458628915747_0137	1	1	3	3	3	3	3	3	3	3		DISTINCT	
job_1458628915747_0138	1	1	3	3	3	3	3	3	3	3	order_groups	SAMPLER	
job_1458628915747_0140	1	1	2	2	2	2	3	3	3	3	order_groups	ORDER_BY,COMBINER	
job_1458628915747_0142	1	1	2	2	2	2	3	3	3	3	order_groups		hdfs://cmsc491.home:8020/user/tadams2/chatty/2016/03/27/00,

Input(s):
Successfully read 1000 records (517900 bytes) from: "/in/tweets/2016/03/27/03"

Output(s):
Successfully stored 100 records (2492 bytes) in: "hdfs://cmsc491.home:8020/user/tadams2/chatty/2016/03/27/00"

Counters:
Total records written : 100
Total bytes written : 2492
Spillable Memory Manager spill count : 0
Total bags proactively spilled: 0
Total records proactively spilled: 0

Job DAG:
job_1458628915747_0136	->	job_1458628915747_0137,
job_1458628915747_0137	->	job_1458628915747_0138,
job_1458628915747_0138	->	job_1458628915747_0140,
job_1458628915747_0140	->	job_1458628915747_0142,
job_1458628915747_0142


2016-03-27 00:12:44,568 [main] INFO  org.apache.hadoop.yarn.client.RMProxy - Connecting to ResourceManager at cmsc491.home/10.0.2.15:8032
2016-03-27 00:12:44,572 [main] INFO  org.apache.hadoop.mapred.ClientServiceDelegate - Application state is completed. FinalApplicationStatus=SUCCEEDED. Redirecting to job history server
2016-03-27 00:12:44,618 [main] INFO  org.apache.hadoop.yarn.client.RMProxy - Connecting to ResourceManager at cmsc491.home/10.0.2.15:8032
2016-03-27 00:12:44,621 [main] INFO  org.apache.hadoop.mapred.ClientServiceDelegate - Application state is completed. FinalApplicationStatus=SUCCEEDED. Redirecting to job history server
2016-03-27 00:12:44,644 [main] INFO  org.apache.hadoop.yarn.client.RMProxy - Connecting to ResourceManager at cmsc491.home/10.0.2.15:8032
2016-03-27 00:12:44,648 [main] INFO  org.apache.hadoop.mapred.ClientServiceDelegate - Application state is completed. FinalApplicationStatus=SUCCEEDED. Redirecting to job history server
2016-03-27 00:12:44,673 [main] INFO  org.apache.hadoop.yarn.client.RMProxy - Connecting to ResourceManager at cmsc491.home/10.0.2.15:8032
2016-03-27 00:12:44,675 [main] INFO  org.apache.hadoop.mapred.ClientServiceDelegate - Application state is completed. FinalApplicationStatus=SUCCEEDED. Redirecting to job history server
2016-03-27 00:12:44,704 [main] INFO  org.apache.hadoop.yarn.client.RMProxy - Connecting to ResourceManager at cmsc491.home/10.0.2.15:8032
2016-03-27 00:12:44,706 [main] INFO  org.apache.hadoop.mapred.ClientServiceDelegate - Application state is completed. FinalApplicationStatus=SUCCEEDED. Redirecting to job history server
2016-03-27 00:12:44,729 [main] INFO  org.apache.hadoop.yarn.client.RMProxy - Connecting to ResourceManager at cmsc491.home/10.0.2.15:8032
2016-03-27 00:12:44,732 [main] INFO  org.apache.hadoop.mapred.ClientServiceDelegate - Application state is completed. FinalApplicationStatus=SUCCEEDED. Redirecting to job history server
2016-03-27 00:12:44,752 [main] INFO  org.apache.hadoop.yarn.client.RMProxy - Connecting to ResourceManager at cmsc491.home/10.0.2.15:8032
2016-03-27 00:12:44,755 [main] INFO  org.apache.hadoop.mapred.ClientServiceDelegate - Application state is completed. FinalApplicationStatus=SUCCEEDED. Redirecting to job history server
2016-03-27 00:12:44,790 [main] INFO  org.apache.hadoop.yarn.client.RMProxy - Connecting to ResourceManager at cmsc491.home/10.0.2.15:8032
2016-03-27 00:12:44,793 [main] INFO  org.apache.hadoop.mapred.ClientServiceDelegate - Application state is completed. FinalApplicationStatus=SUCCEEDED. Redirecting to job history server
2016-03-27 00:12:44,817 [main] INFO  org.apache.hadoop.yarn.client.RMProxy - Connecting to ResourceManager at cmsc491.home/10.0.2.15:8032
2016-03-27 00:12:44,821 [main] INFO  org.apache.hadoop.mapred.ClientServiceDelegate - Application state is completed. FinalApplicationStatus=SUCCEEDED. Redirecting to job history server
2016-03-27 00:12:44,851 [main] INFO  org.apache.hadoop.yarn.client.RMProxy - Connecting to ResourceManager at cmsc491.home/10.0.2.15:8032
2016-03-27 00:12:44,855 [main] INFO  org.apache.hadoop.mapred.ClientServiceDelegate - Application state is completed. FinalApplicationStatus=SUCCEEDED. Redirecting to job history server
2016-03-27 00:12:44,886 [main] INFO  org.apache.hadoop.yarn.client.RMProxy - Connecting to ResourceManager at cmsc491.home/10.0.2.15:8032
2016-03-27 00:12:44,890 [main] INFO  org.apache.hadoop.mapred.ClientServiceDelegate - Application state is completed. FinalApplicationStatus=SUCCEEDED. Redirecting to job history server
2016-03-27 00:12:44,915 [main] INFO  org.apache.hadoop.yarn.client.RMProxy - Connecting to ResourceManager at cmsc491.home/10.0.2.15:8032
2016-03-27 00:12:44,919 [main] INFO  org.apache.hadoop.mapred.ClientServiceDelegate - Application state is completed. FinalApplicationStatus=SUCCEEDED. Redirecting to job history server
2016-03-27 00:12:44,940 [main] INFO  org.apache.hadoop.yarn.client.RMProxy - Connecting to ResourceManager at cmsc491.home/10.0.2.15:8032
2016-03-27 00:12:44,942 [main] INFO  org.apache.hadoop.mapred.ClientServiceDelegate - Application state is completed. FinalApplicationStatus=SUCCEEDED. Redirecting to job history server
2016-03-27 00:12:44,962 [main] INFO  org.apache.hadoop.yarn.client.RMProxy - Connecting to ResourceManager at cmsc491.home/10.0.2.15:8032
2016-03-27 00:12:44,965 [main] INFO  org.apache.hadoop.mapred.ClientServiceDelegate - Application state is completed. FinalApplicationStatus=SUCCEEDED. Redirecting to job history server
2016-03-27 00:12:44,989 [main] INFO  org.apache.hadoop.yarn.client.RMProxy - Connecting to ResourceManager at cmsc491.home/10.0.2.15:8032
2016-03-27 00:12:44,993 [main] INFO  org.apache.hadoop.mapred.ClientServiceDelegate - Application state is completed. FinalApplicationStatus=SUCCEEDED. Redirecting to job history server
2016-03-27 00:12:45,018 [main] INFO  org.apache.pig.backend.hadoop.executionengine.mapReduceLayer.MapReduceLauncher - Success!
2016-03-27 00:12:45,037 [main] INFO  org.apache.pig.Main - Pig script completed in 2 minutes, 43 seconds and 114 milliseconds (163114 ms)
